[    0.000000] Initializing cgroup subsys cpuset
[    0.000000] Initializing cgroup subsys cpu
[    0.000000] Initializing cgroup subsys cpuacct
[    0.000000] Linux version 4.4.0-184-generic (buildd@lgw01-amd64-060) (gcc version 5.4.0 20160609 (Ubuntu 5.4.0-6ubuntu1~16.04.12) ) #214-Ubuntu SMP Thu Jun 4 10:14:11 UTC 2020 (Ubuntu 4.4.0-184.214-generic 4.4.223)
[    0.000000] Command line: BOOT_IMAGE=/boot/vmlinuz-4.4.0-184-generic root=LABEL=cloudimg-rootfs ro console=tty1 console=ttyS0
[    0.000000] KERNEL supported cpus:
[    0.000000]   Intel GenuineIntel
[    0.000000]   AMD AuthenticAMD
[    0.000000]   Centaur CentaurHauls
[    0.000000] x86/fpu: xstate_offset[2]:  576, xstate_sizes[2]:  256
[    0.000000] x86/fpu: Supporting XSAVE feature 0x01: 'x87 floating point registers'
[    0.000000] x86/fpu: Supporting XSAVE feature 0x02: 'SSE registers'
[    0.000000] x86/fpu: Supporting XSAVE feature 0x04: 'AVX registers'
[    0.000000] x86/fpu: Enabled xstate features 0x7, context size is 832 bytes, using 'standard' format.
[    0.000000] e820: BIOS-provided physical RAM map:
[    0.000000] BIOS-e820: [mem 0x0000000000000000-0x000000000009fbff] usable
[    0.000000] BIOS-e820: [mem 0x000000000009fc00-0x000000000009ffff] reserved
[    0.000000] BIOS-e820: [mem 0x00000000000f0000-0x00000000000fffff] reserved
[    0.000000] BIOS-e820: [mem 0x0000000000100000-0x000000001ffeffff] usable
[    0.000000] BIOS-e820: [mem 0x000000001fff0000-0x000000001fffffff] ACPI data
[    0.000000] BIOS-e820: [mem 0x00000000fec00000-0x00000000fec00fff] reserved
[    0.000000] BIOS-e820: [mem 0x00000000fee00000-0x00000000fee00fff] reserved
[    0.000000] BIOS-e820: [mem 0x00000000fffc0000-0x00000000ffffffff] reserved
[    0.000000] NX (Execute Disable) protection: active
[    0.000000] SMBIOS 2.5 present.
[    0.000000] Hypervisor detected: KVM
[    0.000000] e820: last_pfn = 0x1fff0 max_arch_pfn = 0x400000000
[    0.000000] MTRR: Disabled
[    0.000000] x86/PAT: MTRRs disabled, skipping PAT initialization too.
[    0.000000] CPU MTRRs all blank - virtualized system.
[    0.000000] x86/PAT: Configuration [0-7]: WB  WT  UC- UC  WB  WT  UC- UC  
[    0.000000] found SMP MP-table at [mem 0x0009fff0-0x0009ffff] mapped at [ffff88000009fff0]
[    0.000000] Scanning 1 areas for low memory corruption
[    0.000000] RAMDISK: [mem 0x1e893000-0x1f71cfff]
[    0.000000] ACPI: Early table checksum verification disabled
[    0.000000] ACPI: RSDP 0x00000000000E0000 000024 (v02 VBOX  )
[    0.000000] ACPI: XSDT 0x000000001FFF0030 00003C (v01 VBOX   VBOXXSDT 00000001 ASL  00000061)
[    0.000000] ACPI: FACP 0x000000001FFF00F0 0000F4 (v04 VBOX   VBOXFACP 00000001 ASL  00000061)
[    0.000000] ACPI: DSDT 0x000000001FFF0470 0022EA (v02 VBOX   VBOXBIOS 00000002 INTL 20100528)
[    0.000000] ACPI: FACS 0x000000001FFF0200 000040
[    0.000000] ACPI: FACS 0x000000001FFF0200 000040
[    0.000000] ACPI: APIC 0x000000001FFF0240 00005C (v02 VBOX   VBOXAPIC 00000001 ASL  00000061)
[    0.000000] ACPI: SSDT 0x000000001FFF02A0 0001CC (v01 VBOX   VBOXCPUT 00000002 INTL 20100528)
[    0.000000] No NUMA configuration found
[    0.000000] Faking a node at [mem 0x0000000000000000-0x000000001ffeffff]
[    0.000000] NODE_DATA(0) allocated [mem 0x1ffeb000-0x1ffeffff]
[    0.000000] kvm-clock: Using msrs 4b564d01 and 4b564d00
[    0.000000] kvm-clock: cpu 0, msr 0:1ffe3001, primary cpu clock
[    0.000000] kvm-clock: using sched offset of 4808404102 cycles
[    0.000000] clocksource: kvm-clock: mask: 0xffffffffffffffff max_cycles: 0x1cd42e4dffb, max_idle_ns: 881590591483 ns
[    0.000000] Zone ranges:
[    0.000000]   DMA      [mem 0x0000000000001000-0x0000000000ffffff]
[    0.000000]   DMA32    [mem 0x0000000001000000-0x000000001ffeffff]
[    0.000000]   Normal   empty
[    0.000000]   Device   empty
[    0.000000] Movable zone start for each node
[    0.000000] Early memory node ranges
[    0.000000]   node   0: [mem 0x0000000000001000-0x000000000009efff]
[    0.000000]   node   0: [mem 0x0000000000100000-0x000000001ffeffff]
[    0.000000] Initmem setup node 0 [mem 0x0000000000001000-0x000000001ffeffff]
[    0.000000] ACPI: PM-Timer IO Port: 0x4008
[    0.000000] IOAPIC[0]: apic_id 2, version 32, address 0xfec00000, GSI 0-23
[    0.000000] ACPI: INT_SRC_OVR (bus 0 bus_irq 0 global_irq 2 dfl dfl)
[    0.000000] ACPI: INT_SRC_OVR (bus 0 bus_irq 9 global_irq 9 low level)
[    0.000000] Using ACPI (MADT) for SMP configuration information
[    0.000000] smpboot: Allowing 2 CPUs, 0 hotplug CPUs
[    0.000000] PM: Registered nosave memory: [mem 0x00000000-0x00000fff]
[    0.000000] PM: Registered nosave memory: [mem 0x0009f000-0x0009ffff]
[    0.000000] PM: Registered nosave memory: [mem 0x000a0000-0x000effff]
[    0.000000] PM: Registered nosave memory: [mem 0x000f0000-0x000fffff]
[    0.000000] e820: [mem 0x20000000-0xfebfffff] available for PCI devices
[    0.000000] Booting paravirtualized kernel on KVM
[    0.000000] clocksource: refined-jiffies: mask: 0xffffffff max_cycles: 0xffffffff, max_idle_ns: 7645519600211568 ns
[    0.000000] setup_percpu: NR_CPUS:512 nr_cpumask_bits:512 nr_cpu_ids:2 nr_node_ids:1
[    0.000000] PERCPU: Embedded 33 pages/cpu @ffff88001fc00000 s95448 r8192 d31528 u1048576
[    0.000000] Built 1 zonelists in Node order, mobility grouping on.  Total pages: 128888
[    0.000000] Policy zone: DMA32
[    0.000000] Kernel command line: BOOT_IMAGE=/boot/vmlinuz-4.4.0-184-generic root=LABEL=cloudimg-rootfs ro console=tty1 console=ttyS0
[    0.000000] PID hash table entries: 2048 (order: 2, 16384 bytes)
[    0.000000] Memory: 481580K/523832K available (8632K kernel code, 1336K rwdata, 4036K rodata, 1492K init, 1292K bss, 42252K reserved, 0K cma-reserved)
[    0.000000] SLUB: HWalign=64, Order=0-3, MinObjects=0, CPUs=2, Nodes=1
[    0.000000] Kernel/User page tables isolation: enabled
[    0.000000] Hierarchical RCU implementation.
[    0.000000] 	Build-time adjustment of leaf fanout to 64.
[    0.000000] 	RCU restricting CPUs from NR_CPUS=512 to nr_cpu_ids=2.
[    0.000000] RCU: Adjusting geometry for rcu_fanout_leaf=64, nr_cpu_ids=2
[    0.000000] NR_IRQS:33024 nr_irqs:440 16
[    0.000000] Console: colour VGA+ 80x25
[    0.000000] console [tty1] enabled
[    0.000000] console [ttyS0] enabled
[    0.000000] tsc: Detected 3201.952 MHz processor
[    0.338958] Calibrating delay loop (skipped) preset value.. 6403.90 BogoMIPS (lpj=12807808)
[    0.342391] pid_max: default: 32768 minimum: 301
[    0.344173] ACPI: Core revision 20150930
[    0.349765] ACPI: 2 ACPI AML tables successfully acquired and loaded
[    0.352304] Security Framework initialized
[    0.353983] Yama: becoming mindful.
[    0.355532] AppArmor: AppArmor initialized
[    0.357526] Dentry cache hash table entries: 65536 (order: 7, 524288 bytes)
[    0.360378] Inode-cache hash table entries: 32768 (order: 6, 262144 bytes)
[    0.363047] Mount-cache hash table entries: 1024 (order: 1, 8192 bytes)
[    0.365333] Mountpoint-cache hash table entries: 1024 (order: 1, 8192 bytes)
[    0.369099] Initializing cgroup subsys io
[    0.370966] Initializing cgroup subsys memory
[    0.372720] Initializing cgroup subsys devices
[    0.374555] Initializing cgroup subsys freezer
[    0.376294] Initializing cgroup subsys net_cls
[    0.378152] Initializing cgroup subsys perf_event
[    0.380034] Initializing cgroup subsys net_prio
[    0.381834] Initializing cgroup subsys hugetlb
[    0.383810] Initializing cgroup subsys pids
[    0.385892] mce: CPU supports 0 MCE banks
[    0.387705] Last level iTLB entries: 4KB 512, 2MB 8, 4MB 8
[    0.389864] Last level dTLB entries: 4KB 512, 2MB 32, 4MB 32, 1GB 0
[    0.392741] Spectre V1 : Mitigation: usercopy/swapgs barriers and __user pointer sanitization
[    0.396413] Spectre V2 : Mitigation: Full generic retpoline
[    0.398547] Spectre V2 : Spectre v2 / SpectreRSB mitigation: Filling RSB on context switch
[    0.402419] Speculative Store Bypass: Vulnerable
[    0.404418] MDS: Vulnerable: Clear CPU buffers attempted, no microcode
[    0.412431] Freeing SMP alternatives memory: 36K
[    0.445268] ftrace: allocating 32319 entries in 127 pages
[    0.564355] smpboot: APIC(0) Converting physical 0 to logical package 0
[    0.566778] smpboot: Max logical packages: 1
[    0.569228] x2apic enabled
[    0.571190] Switched APIC routing to physical x2apic.
[    0.575996] ..TIMER: vector=0x30 apic1=0 pin1=2 apic2=-1 pin2=-1
[    0.686346] smpboot: CPU0: Intel(R) Core(TM) i7-3930K CPU @ 3.20GHz (family: 0x6, model: 0x2d, stepping: 0x7)
[    0.690622] Performance Events: unsupported p6 CPU model 45 no PMU driver, software events only.
[    0.709493] KVM setup paravirtual spinlock
[    0.712125] x86: Booting SMP configuration:
[    0.713840] .... node  #0, CPUs:      #1
[    0.715469] kvm-clock: cpu 1, msr 0:1ffe3041, secondary cpu clock
[    0.717239] mce: CPU supports 0 MCE banks
[    0.720309] x86: Booted up 1 node, 2 CPUs
[    0.723154] smpboot: Total of 2 processors activated (12807.80 BogoMIPS)
[    0.736899] devtmpfs: initialized
[    0.749246] evm: security.selinux
[    0.750882] evm: security.SMACK64
[    0.752547] evm: security.SMACK64EXEC
[    0.754230] evm: security.SMACK64TRANSMUTE
[    0.755981] evm: security.SMACK64MMAP
[    0.757629] evm: security.ima
[    0.759105] evm: security.capability
[    0.761026] clocksource: jiffies: mask: 0xffffffff max_cycles: 0xffffffff, max_idle_ns: 7645041785100000 ns
[    0.764719] futex hash table entries: 512 (order: 3, 32768 bytes)
[    0.767831] pinctrl core: initialized pinctrl subsystem
[    0.770269] RTC time:  7:44:34, date: 06/11/20
[    0.772402] NET: Registered protocol family 16
[    0.782777] cpuidle: using governor ladder
[    0.795276] cpuidle: using governor menu
[    0.796985] PCCT header not found.
[    0.798624] ACPI: bus type PCI registered
[    0.801008] acpiphp: ACPI Hot Plug PCI Controller Driver version: 0.5
[    0.803790] PCI: Using configuration type 1 for base access
[    0.820082] ACPI: Added _OSI(Module Device)
[    0.821800] ACPI: Added _OSI(Processor Device)
[    0.823606] ACPI: Added _OSI(3.0 _SCP Extensions)
[    0.825808] ACPI: Added _OSI(Processor Aggregator Device)
[    0.829521] ACPI: Executed 1 blocks of module-level executable AML code
[    0.837768] ACPI: Interpreter enabled
[    0.839526] ACPI: (supports S0 S5)
[    0.841029] ACPI: Using IOAPIC for interrupt routing
[    0.843335] PCI: Using host bridge windows from ACPI; if necessary, use "pci=nocrs" and report a bug
[    0.856672] ACPI: PCI Root Bridge [PCI0] (domain 0000 [bus 00-ff])
[    0.859140] acpi PNP0A03:00: _OSC: OS supports [ASPM ClockPM Segments MSI]
[    0.862710] acpi PNP0A03:00: _OSC: not requesting OS control; OS requires [ExtendedConfig ASPM ClockPM MSI]
[    0.867008] acpi PNP0A03:00: fail to add MMCONFIG information, can't access extended PCI configuration space under this bridge.
[    0.873450] PCI host bridge to bus 0000:00
[    0.875478] pci_bus 0000:00: root bus resource [io  0x0000-0x0cf7 window]
[    0.878115] pci_bus 0000:00: root bus resource [io  0x0d00-0xffff window]
[    0.880515] pci_bus 0000:00: root bus resource [mem 0x000a0000-0x000bffff window]
[    0.883681] pci_bus 0000:00: root bus resource [mem 0x20000000-0xfdffffff window]
[    0.886998] pci_bus 0000:00: root bus resource [bus 00-ff]
[    0.892318] pci 0000:00:01.1: legacy IDE quirk: reg 0x10: [io  0x01f0-0x01f7]
[    0.894840] pci 0000:00:01.1: legacy IDE quirk: reg 0x14: [io  0x03f6]
[    0.897167] pci 0000:00:01.1: legacy IDE quirk: reg 0x18: [io  0x0170-0x0177]
[    0.899862] pci 0000:00:01.1: legacy IDE quirk: reg 0x1c: [io  0x0376]
[    0.949813] pci 0000:00:07.0: quirk: [io  0x4000-0x403f] claimed by PIIX4 ACPI
[    0.953972] pci 0000:00:07.0: quirk: [io  0x4100-0x410f] claimed by PIIX4 SMB
[    0.963630] ACPI: PCI Interrupt Link [LNKA] (IRQs 5 9 10 *11)
[    0.967595] ACPI: PCI Interrupt Link [LNKB] (IRQs 5 9 *10 11)
[    0.971035] ACPI: PCI Interrupt Link [LNKC] (IRQs 5 *9 10 11)
[    0.973970] ACPI: PCI Interrupt Link [LNKD] (IRQs 5 9 10 *11)
[    0.976991] ACPI: Enabled 2 GPEs in block 00 to 07
[    0.979441] vgaarb: setting as boot device: PCI:0000:00:02.0
[    0.981486] vgaarb: device added: PCI:0000:00:02.0,decodes=io+mem,owns=io+mem,locks=none
[    0.984812] vgaarb: loaded
[    0.986114] vgaarb: bridge control possible 0000:00:02.0
[    0.988631] SCSI subsystem initialized
[    0.990419] ACPI: bus type USB registered
[    0.992323] usbcore: registered new interface driver usbfs
[    0.994456] usbcore: registered new interface driver hub
[    0.996486] usbcore: registered new device driver usb
[    0.998838] PCI: Using ACPI for IRQ routing
[    1.001385] NetLabel: Initializing
[    1.003092] NetLabel:  domain hash size = 128
[    1.004876] NetLabel:  protocols = UNLABELED CIPSOv4
[    1.006840] NetLabel:  unlabeled traffic allowed by default
[    1.009306] amd_nb: Cannot enumerate AMD northbridges
[    1.011560] clocksource: Switched to clocksource kvm-clock
[    1.041128] AppArmor: AppArmor Filesystem Enabled
[    1.043089] pnp: PnP ACPI init
[    1.046072] pnp: PnP ACPI: found 3 devices
[    1.059633] clocksource: acpi_pm: mask: 0xffffff max_cycles: 0xffffff, max_idle_ns: 2085701024 ns
[    1.063162] NET: Registered protocol family 2
[    1.065201] TCP established hash table entries: 4096 (order: 3, 32768 bytes)
[    1.068105] TCP bind hash table entries: 4096 (order: 4, 65536 bytes)
[    1.070506] TCP: Hash tables configured (established 4096 bind 4096)
[    1.073007] UDP hash table entries: 256 (order: 1, 8192 bytes)
[    1.075118] UDP-Lite hash table entries: 256 (order: 1, 8192 bytes)
[    1.077429] NET: Registered protocol family 1
[    1.079199] pci 0000:00:00.0: Limiting direct PCI/PCI transfers
[    1.081453] pci 0000:00:01.0: Activating ISA DMA hang workarounds
[    1.098093] Unpacking initramfs...
[    2.027373] Freeing initrd memory: 14888K
[    2.029419] RAPL PMU detected, API unit is 2^-32 Joules, 3 fixed counters 10737418240 ms ovfl timer
[    2.033073] hw unit of domain pp0-core 2^-0 Joules
[    2.035584] hw unit of domain package 2^-0 Joules
[    2.037725] hw unit of domain dram 2^-0 Joules
[    2.039691] clocksource: tsc: mask: 0xffffffffffffffff max_cycles: 0x2e277dca133, max_idle_ns: 440795243001 ns
[    2.044943] platform rtc_cmos: registered platform RTC device (no PNP device found)
[    2.048865] Scanning for low memory corruption every 60 seconds
[    2.052604] audit: initializing netlink subsys (disabled)
[    2.056062] audit: type=2000 audit(1591861481.790:1): initialized
[    2.058914] Initialise system trusted keyring
[    2.060983] HugeTLB registered 2 MB page size, pre-allocated 0 pages
[    2.066448] zbud: loaded
[    2.068820] VFS: Disk quotas dquot_6.6.0
[    2.070547] VFS: Dquot-cache hash table entries: 512 (order 0, 4096 bytes)
[    2.073698] squashfs: version 4.0 (2009/01/31) Phillip Lougher
[    2.076386] fuse init (API version 7.23)
[    2.078262] Key type big_key registered
[    2.079920] Allocating IMA MOK and blacklist keyrings.
[    2.083084] Key type asymmetric registered
[    2.084856] Asymmetric key parser 'x509' registered
[    2.087071] Block layer SCSI generic (bsg) driver version 0.4 loaded (major 249)
[    2.090488] io scheduler noop registered
[    2.092225] io scheduler deadline registered (default)
[    2.094346] io scheduler cfq registered
[    2.096233] pci_hotplug: PCI Hot Plug PCI Core version: 0.5
[    2.098426] pciehp: PCI Express Hot Plug Controller Driver version: 0.4
[    2.101468] ACPI: AC Adapter [AC] (on-line)
[    2.103451] input: Power Button as /devices/LNXSYSTM:00/LNXPWRBN:00/input/input0
[    2.107519] ACPI: Power Button [PWRF]
[    2.109844] input: Sleep Button as /devices/LNXSYSTM:00/LNXSLPBN:00/input/input1
[    2.114123] ACPI: Sleep Button [SLPF]
[    2.116648] GHES: HEST is not enabled!
[    2.118600] Serial: 8250/16550 driver, 32 ports, IRQ sharing enabled
[    2.142326] 00:02: ttyS0 at I/O 0x3f8 (irq = 4, base_baud = 115200) is a 16550A
[    2.148122] Linux agpgart interface v0.103
[    2.152817] loop: module loaded
[    2.155449] scsi host0: ata_piix
[    2.157162] scsi host1: ata_piix
[    2.164963] ata1: PATA max UDMA/33 cmd 0x1f0 ctl 0x3f6 bmdma 0xd000 irq 14
[    2.167890] ata2: PATA max UDMA/33 cmd 0x170 ctl 0x376 bmdma 0xd008 irq 15
[    2.171042] libphy: Fixed MDIO Bus: probed
[    2.172925] tun: Universal TUN/TAP device driver, 1.6
[    2.174875] tun: (C) 1999-2004 Max Krasnyansky <maxk@qualcomm.com>
[    2.177298] PPP generic driver version 2.4.2
[    2.179226] ehci_hcd: USB 2.0 'Enhanced' Host Controller (EHCI) Driver
[    2.181809] ehci-pci: EHCI PCI platform driver
[    2.183869] ehci-platform: EHCI generic platform driver
[    2.185983] ohci_hcd: USB 1.1 'Open' Host Controller (OHCI) Driver
[    2.188379] ohci-pci: OHCI PCI platform driver
[    2.190332] ohci-platform: OHCI generic platform driver
[    2.192540] uhci_hcd: USB Universal Host Controller Interface driver
[    2.195182] i8042: PNP: PS/2 Controller [PNP0303:PS2K,PNP0f03:PS2M] at 0x60,0x64 irq 1,12
[    2.199234] serio: i8042 KBD port at 0x60,0x64 irq 1
[    2.201438] serio: i8042 AUX port at 0x60,0x64 irq 12
[    2.203780] mousedev: PS/2 mouse device common for all mice
[    2.206760] input: AT Translated Set 2 keyboard as /devices/platform/i8042/serio0/input/input2
[    2.210527] rtc_cmos rtc_cmos: rtc core: registered rtc_cmos as rtc0
[    2.213572] rtc_cmos rtc_cmos: alarms up to one day, 114 bytes nvram
[    2.216233] i2c /dev entries driver
[    2.218005] device-mapper: uevent: version 1.0.3
[    2.220441] device-mapper: ioctl: 4.34.0-ioctl (2015-10-28) initialised: dm-devel@redhat.com
[    2.224149] ledtrig-cpu: registered to indicate activity on CPUs
[    2.227215] NET: Registered protocol family 10
[    2.229498] NET: Registered protocol family 17
[    2.231927] Key type dns_resolver registered
[    2.234841] registered taskstats version 1
[    2.237024] Loading compiled-in X.509 certificates
[    2.239880] Loaded X.509 cert 'Build time autogenerated kernel key: b6ae09eed57f82583ccd3c65c463e852cdd7a0b5'
[    2.243691] zswap: loaded using pool lzo/zbud
[    2.248409] Key type trusted registered
[    2.256020] Key type encrypted registered
[    2.257768] AppArmor: AppArmor sha1 policy hashing enabled
[    2.259944] ima: No TPM chip found, activating TPM-bypass!
[    2.262286] ima: Allocated hash algorithm: sha1
[    2.264484] evm: HMAC attrs: 0x1
[    2.266522]   Magic number: 8:251:723
[    2.268469] block loop3: hash matches
[    2.270467] rtc_cmos rtc_cmos: setting system clock to 2020-06-11 07:44:36 UTC (1591861476)
[    2.274834] BIOS EDD facility v0.16 2004-Jun-25, 0 devices found
[    2.277105] EDD information not available.
[    2.332080] Freeing unused kernel memory: 1492K
[    2.334297] Write protecting the kernel read-only data: 14336k
[    2.337431] Freeing unused kernel memory: 1596K
[    2.339525] Freeing unused kernel memory: 60K
Loading, please wait...
starting version 229
[    2.362394] random: systemd-udevd: uninitialized urandom read (16 bytes read, 2 bits of entropy available)
[    2.363248] random: udevadm: uninitialized urandom read (16 bytes read, 2 bits of entropy available)
[    2.363278] random: udevadm: uninitialized urandom read (16 bytes read, 2 bits of entropy available)
[    2.390857] random: systemd-udevd: uninitialized urandom read (16 bytes read, 2 bits of entropy available)
[    2.394960] random: systemd-udevd: uninitialized urandom read (16 bytes read, 2 bits of entropy available)
[    2.398904] random: systemd-udevd: uninitialized urandom read (16 bytes read, 2 bits of entropy available)
[    2.400278] random: udevadm: uninitialized urandom read (16 bytes read, 2 bits of entropy available)
[    2.400377] random: udevadm: uninitialized urandom read (16 bytes read, 2 bits of entropy available)
[    2.400790] random: udevadm: uninitialized urandom read (16 bytes read, 2 bits of entropy available)
[    2.400948] random: udevadm: uninitialized urandom read (16 bytes read, 2 bits of entropy available)
[    2.485795] Fusion MPT base driver 3.04.20
[    2.487540] Copyright (c) 1999-2008 LSI Corporation
[    2.505946] e1000: Intel(R) PRO/1000 Network Driver - version 7.3.21-k8-NAPI
[    2.508666] e1000: Copyright (c) 1999-2006 Intel Corporation.
[    2.530721] AVX version of gcm_enc/dec engaged.
[    2.532635] AES CTR mode by8 optimization enabled
[    2.537428] Fusion MPT SPI Host driver 3.04.20
[    2.715320] input: ImExPS/2 Generic Explorer Mouse as /devices/platform/i8042/serio1/input/input4
[    3.062935] e1000 0000:00:03.0 eth0: (PCI:33MHz:32-bit) 02:fd:3e:94:53:22
[    3.065440] e1000 0000:00:03.0 eth0: Intel(R) PRO/1000 Network Connection
[    3.069940] mptbase: ioc0: Initiating bringup
[    3.070129] e1000 0000:00:03.0 enp0s3: renamed from eth0
[    3.140117] ioc0: LSI53C1030 A0: Capabilities={Initiator}
[    3.302278] scsi host2: ioc0: LSI53C1030 A0, FwRev=00000000h, Ports=1, MaxQ=256, IRQ=20
[    3.416712] scsi 2:0:0:0: Direct-Access     VBOX     HARDDISK         1.0  PQ: 0 ANSI: 5
[    3.420529] scsi target2:0:0: Beginning Domain Validation
[    3.424123] scsi target2:0:0: Domain Validation skipping write tests
[    3.426513] scsi target2:0:0: Ending Domain Validation
[    3.428577] scsi target2:0:0: asynchronous
[    3.430898] scsi 2:0:1:0: Direct-Access     VBOX     HARDDISK         1.0  PQ: 0 ANSI: 5
[    3.460620] scsi target2:0:1: Beginning Domain Validation
[    3.464165] scsi target2:0:1: Domain Validation skipping write tests
[    3.466582] scsi target2:0:1: Ending Domain Validation
[    3.468767] scsi target2:0:1: asynchronous
[    3.478345] sd 2:0:0:0: [sda] 20971520 512-byte logical blocks: (10.7 GB/10.0 GiB)
[    3.481866] sd 2:0:0:0: [sda] Write Protect is off
[    3.481897] sd 2:0:0:0: Attached scsi generic sg0 type 0
[    3.485298] sd 2:0:1:0: [sdb] 20480 512-byte logical blocks: (10.5 MB/10.0 MiB)
[    3.485545] sd 2:0:1:0: [sdb] Write Protect is off
[    3.485845] sd 2:0:1:0: [sdb] Incomplete mode parameter data
[    3.485848] sd 2:0:1:0: [sdb] Assuming drive cache: write through
[    3.487023] sd 2:0:1:0: Attached scsi generic sg1 type 0
[    3.490647] sd 2:0:1:0: [sdb] Attached SCSI disk
[    3.501266] sd 2:0:0:0: [sda] Incomplete mode parameter data
[    3.503515] sd 2:0:0:0: [sda] Assuming drive cache: write through
[    3.507576]  sda: sda1
[    3.509750] sd 2:0:0:0: [sda] Attached SCSI disk
Begin: Loading essential drivers ... [    5.417733] md: linear personality registered for level -1
[    5.424244] md: multipath personality registered for level -4
[    5.430487] md: raid0 personality registered for level 0
[    5.438863] md: raid1 personality registered for level 1
[    5.515807] raid6: sse2x1   gen()  2548 MB/s
[    5.583639] raid6: sse2x1   xor()  1722 MB/s
[    5.651635] raid6: sse2x2   gen()  4362 MB/s
[    5.719836] raid6: sse2x2   xor()  2894 MB/s
[    5.787708] raid6: sse2x4   gen()  7152 MB/s
[    5.855585] raid6: sse2x4   xor()  4000 MB/s
[    5.857334] raid6: using algorithm sse2x4 gen() 7152 MB/s
[    5.859656] raid6: .... xor() 4000 MB/s, rmw enabled
[    5.861656] raid6: using ssse3x2 recovery algorithm
[    5.865631] xor: automatically using best checksumming function:
[    5.903944]    avx       : 16521.000 MB/sec
[    5.907731] async_tx: api initialized (async)
[    5.926357] md: raid6 personality registered for level 6
[    5.928534] md: raid5 personality registered for level 5
[    5.930628] md: raid4 personality registered for level 4
[    5.942664] md: raid10 personality registered for level 10
done.
Begin: Running /scripts/init-premount ... done.
Begin: Mounting root file system ... Begin: Running /scripts/local-top ... done.
Begin: Running /scripts/local-premount ... [    6.010086] Btrfs loaded
Scanning for Btrfs filesystems
done.
Warning: fsck not present, so skipping root file system
[    6.058608] EXT4-fs (sda1): mounted filesystem with ordered data mode. Opts: (null)
done.
Begin: Running /scripts/local-bottom ... done.
Begin: Running /scripts/init-bottom ... done.
[    6.204829] systemd[1]: systemd 229 running in system mode. (+PAM +AUDIT +SELINUX +IMA +APPARMOR +SMACK +SYSVINIT +UTMP +LIBCRYPTSETUP +GCRYPT +GNUTLS +ACL +XZ -LZ4 +SECCOMP +BLKID +ELFUTILS +KMOD -IDN)
[    6.211358] systemd[1]: Detected virtualization oracle.
[    6.213446] systemd[1]: Detected architecture x86-64.

Welcome to [1mUbuntu 16.04.6 LTS[0m!

[    6.219247] systemd[1]: Set hostname to <ubuntu>.
[    6.224595] systemd[1]: Initializing machine ID from random generator.
[    6.226990] systemd[1]: Installed transient /etc/machine-id file.
[    6.410095] systemd[1]: Reached target Swap.
[[0;32m  OK  [0m] Reached target Swap.
[    6.413509] systemd[1]: Listening on Journal Socket.
[[0;32m  OK  [0m] Listening on Journal Socket.
[    6.417028] systemd[1]: Started Trigger resolvconf update for networkd DNS.
[[0;32m  OK  [0m] Started Trigger resolvconf update for networkd DNS.
[    6.421400] systemd[1]: Listening on /dev/initctl Compatibility Named Pipe.
[[0;32m  OK  [0m] Listening on /dev/initctl Compatibility Named Pipe.
[    6.425994] systemd[1]: Listening on LVM2 metadata daemon socket.
[[0;32m  OK  [0m] Listening on LVM2 metadata daemon socket.
[    6.430155] systemd[1]: Listening on Journal Audit Socket.
[[0;32m  OK  [0m] Listening on Journal Audit Socket.
[    6.434673] systemd[1]: Created slice User and Session Slice.
[[0;32m  OK  [0m] Created slice User and Session Slice.
[    6.438891] systemd[1]: Created slice System Slice.
[[0;32m  OK  [0m] Created slice System Slice.
[    6.455962] systemd[1]: Starting Create list of required static device nodes for the current kernel...
         Starting Create list of required st... nodes for the current kernel...
[    6.463097] systemd[1]: Starting Nameserver information manager...
         Starting Nameserver information manager...
[    6.466975] systemd[1]: Reached target User and Group Name Lookups.
[[0;32m  OK  [0m] Reached target User and Group Name Lookups.
[    6.471234] systemd[1]: Listening on Device-mapper event daemon FIFOs.
[[0;32m  OK  [0m] Listening on Device-mapper event daemon FIFOs.
[    6.475399] systemd[1]: Started Forward Password Requests to Wall Directory Watch.
[[0;32m  OK  [0m] Started Forward Password Requests to Wall Directory Watch.
[    6.481646] systemd[1]: Mounting Debug File System...
         Mounting Debug File System...
[    6.485840] systemd[1]: Created slice system-serial\x2dgetty.slice.
[[0;32m  OK  [0m] Created slice system-serial\x2dgetty.slice.
[    6.491356] systemd[1]: Starting Uncomplicated firewall...
         Starting Uncomplicated firewall...
[    6.495236] systemd[1]: Set up automount Arbitrary Executable File Formats File System Automount Point.
[[0;32m  OK  [0m] Set up automount Arbitrary Executab...ats File System Automount Point.
[    6.502675] systemd[1]: Listening on LVM2 poll daemon socket.
[[0;32m  OK  [0m] Listening on LVM2 poll daemon socket.
[    6.508646] systemd[1]: Starting Load Kernel Modules...
         Starting Load Kernel Modules...
[    6.512135] systemd[1]: Reached target System Time Synchronized.
[[0;32m  OK  [0m] Reached target System Time Synchronized.
[    6.517591] systemd[1]: Starting Set console keymap...
         Starting Set console keymap...
[    6.521148] systemd[1]: Listening on Syslog Socket.
[    6.523306] Loading iSCSI transport class v2.0-870.
[[0;32m  OK  [0m] Listening on Syslog Socket.
[    6.528111] systemd[1]: Mounting Huge Pages File System...
         Mounting Huge Pages File System...
[    6.531861] systemd[1]: Reached target Slices.
[[0;32m  OK  [0m] Reached target Slices.
[    6.537561] systemd[1]: Starting Remount Root and Kernel File Systems...
         Starting Remount Root and Kernel File Systems...
[    6.541719] systemd[1]: Listening on udev Kernel Socket.
[[0;32m  OK  [0m] Listening on udev Kernel Socket.
[    6.546524] systemd[1]: Listening on Journal Socket (/dev/log).
[    6.546655] EXT4-fs (sda1): re-mounted. Opts: (null)
[    6.551877] iscsi: registered transport (tcp)
[[0;32m  OK  [0m] Listening on Journal Socket (/dev/log).
[    6.555403] systemd[1]: Starting Journal Service...
         Starting Journal Service...
[    6.558986] systemd[1]: Reached target Encrypted Volumes.
[[0;32m  OK  [0m] Reached target Encrypted Volumes.
[    6.562782] systemd[1]: Listening on udev Control Socket.
[[0;32m  OK  [0m] Listening on udev Control Socket.
[    6.569371] systemd[1]: Starting Monitoring of LVM2 mirrors, snapshots etc. using dmeventd or progress polling...
         Starting Monitoring of LVM2 mirrors... dmeventd or progress polling...
[    6.601014] systemd[1]: Mounting POSIX Message Queue File System...
         Mounting POSIX Message Queue File System...
[    6.613778] systemd[1]: Mounted Debug File System.
[[0;32m  OK  [0m] Mounted Debug File System.
[    6.647866] systemd[1]: Mounted Huge Pages File System.
[[0;32m  OK  [0m] Mounted Huge Pages File System.
[    6.653017] systemd[1]: Mounted POSIX Message Queue File System.
[[0;32m  OK  [0m] Mounted POSIX Message Queue File System.
[    6.660461] systemd[1]: Started Create list of required static device nodes for the current kernel.
[[0;32m  OK  [0m] Started Create list of required sta...ce nodes for the current kernel.
[    6.684965] systemd[1]: Started Uncomplicated firewall.
[[0;32m  OK  [0m] Started Uncomplicated firewall.
[    6.690973] systemd[1]: Started Remount Root and Kernel File Systems.
[[0;32m  OK  [0m] Started Remount Root and Kernel File Systems.
[    6.697696] systemd[1]: Started Nameserver information manager.
[[0;32m  OK  [0m] Started Nameserver information manager.
[    6.707964] systemd[1]: Started Journal Service.
[[0;32m  OK  [0m] Started Journal Service.
[    6.731008] iscsi: registered transport (iser)
[[0;32m  OK  [0m] Started LVM2 metadata daemon.
         Starting udev Coldplug all Devices...
         Starting Flush Journal to Persistent Storage...
         Starting Load/Save Random Seed...
         Starting Create Static Device Nodes in /dev...
[[0;32m  OK  [0m] Started Load Kernel Modules.
         Starting Apply Kernel Variables...
         Mounting FUSE Control File System...
[[0;32m  OK  [0m] Started Set console keymap.
[[0;32m  OK  [0m] Started Load/Save Random Seed.
[[0;32m  OK  [0m] Mounted FUSE Control File System.
[    6.844198] systemd-journald[395]: Received request to flush runtime journal from PID 1
[[0;32m  OK  [0m] Started Flush Journal to Persistent Storage.
[[0;32m  OK  [0m] Started Create Static Device Nodes in /dev.
[[0;32m  OK  [0m] Started Apply Kernel Variables.
         Starting udev Kernel Device Manager...
[[0;32m  OK  [0m] Started udev Kernel Device Manager.
[[0;32m  OK  [0m] Started udev Coldplug all Devices.
[[0;32m  OK  [0m] Started Dispatch Password Requests to Console Directory Watch.
[[0;32m  OK  [0m] Started Monitoring of LVM2 mirrors,...ng dmeventd or progress polling.
[[0;32m  OK  [0m] Reached target Local File Systems (Pre).
[[0;32m  OK  [0m] Reached target Local File Systems.
         Starting Commit a transient machine-id on disk...
         Starting Tell Plymouth To Write Out Runtime Data...
         Starting Set console font and keymap...
         Starting Initial cloud-init job (pre-networking)...
         Starting LSB: AppArmor initialization...
         Starting Create Volatile Files and Directories...
[[0;32m  OK  [0m] Started Tell Plymouth To Write Out Runtime Data.
[[0;32m  OK  [0m] Started Create Volatile Files and Directories.
         Starting Update UTMP about System Boot/Shutdown...
[[0;32m  OK  [0m] Started Commit a transient machine-id on disk.
[[0;32m  OK  [0m] Started Update UTMP about System Boot/Shutdown.
[[0;32m  OK  [0m] Found device /dev/ttyS0.
[[0;32m  OK  [0m] Listening on Load/Save RF Kill Switch Status /dev/rfkill Watch.
[[0;32m  OK  [0m] Started Set console font and keymap.
[[0;32m  OK  [0m] Created slice system-getty.slice.
[   10.401646] cloud-init[488]: Cloud-init v. 19.4-33-gbb4131a2-0ubuntu1~16.04.1 running 'init-local' at Thu, 11 Jun 2020 07:44:44 +0000. Up 9.30 seconds.
[[0;32m  OK  [0m] Started Initial cloud-init job (pre-networking).
[[0;32m  OK  [0m] Reached target Network (Pre).
[[0;32m  OK  [0m] Started LSB: AppArmor initialization.
         Starting Raise network interfaces...
[[0;32m  OK  [0m] Started Raise network interfaces.
         Starting Initial cloud-init job (metadata service crawler)...
[[0;32m  OK  [0m] Reached target Network.
[   13.620812] cloud-init[946]: Cloud-init v. 19.4-33-gbb4131a2-0ubuntu1~16.04.1 running 'init' at Thu, 11 Jun 2020 07:44:47 +0000. Up 12.65 seconds.
[   13.625209] cloud-init[946]: ci-info: ++++++++++++++++++++++++++++++++++++++Net device info++++++++++++++++++++++++++++++++++++++
[   13.629001] cloud-init[946]: ci-info: +--------+------+----------------------------+---------------+--------+-------------------+
[   13.632420] cloud-init[946]: ci-info: | Device |  Up  |          Address           |      Mask     | Scope  |     Hw-Address    |
[   13.635582] cloud-init[946]: ci-info: +--------+------+----------------------------+---------------+--------+-------------------+
[   13.638759] cloud-init[946]: ci-info: | enp0s3 | True |         10.0.2.15          | 255.255.255.0 | global | 02:fd:3e:94:53:22 |
[   13.642176] cloud-init[946]: ci-info: | enp0s3 | True | fe80::fd:3eff:fe94:5322/64 |       .       |  link  | 02:fd:3e:94:53:22 |
[   13.645546] cloud-init[946]: ci-info: |   lo   | True |         127.0.0.1          |   255.0.0.0   |  host  |         .         |
[   13.649784] cloud-init[946]: ci-info: |   lo   | True |          ::1/128           |       .       |  host  |         .         |
[   13.653683] cloud-init[946]: ci-info: +--------+------+----------------------------+---------------+--------+-------------------+
[   13.657683] cloud-init[946]: ci-info: +++++++++++++++++++++++++++Route IPv4 info++++++++++++++++++++++++++++
[   13.661972] cloud-init[946]: ci-info: +-------+-------------+----------+---------------+-----------+-------+
[   13.665277] cloud-init[946]: ci-info: | Route | Destination | Gateway  |    Genmask    | Interface | Flags |
[   13.667938] cloud-init[946]: ci-info: +-------+-------------+----------+---------------+-----------+-------+
[   13.670749] cloud-init[946]: ci-info: |   0   |   0.0.0.0   | 10.0.2.2 |    0.0.0.0    |   enp0s3  |   UG  |
[   13.673647] cloud-init[946]: ci-info: |   1   |   10.0.2.0  | 0.0.0.0  | 255.255.255.0 |   enp0s3  |   U   |
[   13.677484] cloud-init[946]: ci-info: +-------+-------------+----------+---------------+-----------+-------+
[   13.680430] cloud-init[946]: ci-info: +++++++++++++++++++Route IPv6 info+++++++++++++++++++
[   13.688979] cloud-init[946]: ci-info: +-------+-------------+---------+-----------+-------+
[   13.692943] cloud-init[946]: ci-info: | Route | Destination | Gateway | Interface | Flags |
[   13.696423] cloud-init[946]: ci-info: +-------+-------------+---------+-----------+-------+
[   13.699540] cloud-init[946]: ci-info: |   0   |  fe80::/64  |    ::   |   enp0s3  |   U   |[[0;32m  OK  [0m] Started Initial cloud-init job (metadata service crawler).

[   13.704466] cloud-init[946]: ci-info: |   3   |   ff00::/8  |    ::   |   enp0s3  |   U   |
[   13.704799] cloud-init[946]: ci-info: +-------+-------------+---------+-----------+-------+
[   13.707794] cloud-init[946]: Generating public/private rsa key pair.
[   13.708679] cloud-init[946]: Your identification has been saved in /etc/ssh/ssh_host_rsa_key.
[   13.710293] cloud-init[946]: Your public key has been saved in /etc/ssh/ssh_host_rsa_key.pub.
[[0;32m  OK  [0m] Reached target Network is Online.
[   13.711030] cloud-init[946]: The key fingerprint is:
[   13.717511] cloud-init[946]: SHA256:B3phPPbuvk3V22UGIDKT+48+94Y8hl7LU2kQTMyZTKI root@ubuntu-xenial
[   13.720444] cloud-init[946]: The key's randomart image is:
[   13.722324] cloud-init[946]: +---[RSA 2048]----+
[   13.724441] cloud-init[946]: |        +.oB+o   |
[   13.727286] cloud-init[946]: |       ..= oO.   |
         Starting iSCSI initiator daemon (iscsid)...
[   13.737952] [[0;32m  OK  [0m] Reached target Cloud-config availability.
[[0;32m  OK  [0m] Reached target System Initialization.
[[0;32m  OK  [0m] Started Message of the Day.
cloud-init[946]: |        E.   ..  |
[   13.758826]          Starting Socket activation for snappy daemon.
[[0;32m  OK  [0m] Started Daily Cleanup of Temporary Directories.
[[0;32m  OK  [0m] Listening on D-Bus System Message Bus Socket.
[[0;32m  OK  [0m] Started Daily apt download activities.
[[0;32m  OK  [0m] Started Daily apt upgrade and clean activities.
[[0;32m  OK  [0m] Listening on UUID daemon activation socket.
cloud-init[946]: |       +.=  .  o |[[0;32m  OK  [0m] Started ACPI Events Check.
[[0;32m  OK  [0m] Reached target Paths.
[[0;32m  OK  [0m] Reached target Timers.

[   13.769541]          Starting LXD - unix socket.
[[0;32m  OK  [0m] Listening on ACPID Listen Socket.
cloud-init[946]: |      . S.o  ...=|
[   13.772523] cloud-init[946]: |       . o.  .+o+|
[   13.774289] cloud-init[946]: |          .=o+ ..|
[   13.776099] cloud-init[946]: |         .+=O..  |
[   13.777677] cloud-init[946]: |         +*=+=.  |
[   13.778977] cloud-init[946]: +----[SHA256]-----+
[   13.780674] cloud-init[946]: Generating public/private dsa key pair.
[   13.783149] cloud-init[946]: Your identification has been saved in /etc/ssh/ssh_host_dsa_key.[[0;32m  OK  [0m] Listening on Socket activation for snappy daemon.
[[0;32m  OK  [0m] Listening on LXD - unix socket.
[[0;32m  OK  [0m] Reached target Sockets.
[[0;32m  OK  [0m] Reached target Basic System.

[   13.789687] [[0;32m  OK  [0m] Started Deferred execution scheduler.
cloud-init[946]: Your public key has been saved in /etc/ssh/ssh_host_dsa_key.pub.         Starting Pollinate to seed the pseudo random number generator...

[   13.796216] [[0;32m  OK  [0m] Started ACPI event daemon.
         Starting /etc/rc.local Compatibility...
cloud-init[946]: The key fingerprint is:
[   13.803343] cloud-init[946]: SHA256:m7sDbKtScQ7YFu48tsngF72yjehUmjd8fICsVJSjOWg root@ubuntu-xenial[[0;32m  OK  [0m] Started D-Bus System Message Bus.

[   13.806643] cloud-init[946]: The key's randomart image is:
[   13.808435] cloud-init[946]: +---[DSA 1024]----+
[   13.810147] cloud-init[946]: |    ..           |
[   13.812979] cloud-init[946]: |   .+            |
[   13.817455] cloud-init[946]: | . *.o           |
[   13.820081] cloud-init[946]: |.E=o*..          |
[   13.822156] cloud-init[946]: |. .=+B. S        |
[   13.827510] cloud-init[946]: | ..*B.*. o       |
[   13.830698] cloud-init[946]: | .==+*o++        |
[   13.835319] cloud-init[946]: | .oo*=o...       |
[   13.838104] cloud-init[946]: | .oo++. oo       |
[   13.840526] cloud-init[946]: +----[SHA256]-----+
[   13.844507] cloud-init[946]: Generating public/private ecdsa key pair.
[   13.847681] cloud-init[946]: Your identification has been saved in /etc/ssh/ssh_host_ecdsa_key.
[   13.851080] cloud-init[946]: Your public key has been saved in /etc/ssh/ssh_host_ecdsa_key.pub.
[   13.853886] cloud-init[946]: The key fingerprint is:
[   13.855860] cloud-init[946]: SHA256:TUa9IGbdohI7YrZQEMKWnNpeq0zwtjLcDCexShpZwL0 root@ubuntu-xenial
[   13.858794] cloud-init[946]: The key's randomart image is:
[   13.861155] cloud-init[946]: +---[ECDSA 256]---+
[   13.862829] cloud-init[946]: |= *o     ..o     |
[   13.864467] cloud-init[946]: |.O .. . +.+ o    |
[   13.865931] cloud-init[946]: |oo ..  = ooo .   |
[   13.868078]          Starting Login Service...
cloud-init[946]:          Starting System Logging Service...
         Starting LSB: MD monitoring daemon...
|o.+E= + .+  .    |
[   13.873878] cloud-init[[0;32m  OK  [0m] Started Regular background program processing daemon.
[946]: | *o= + oS .      |
[[0;32m  OK  [0m] Started FUSE filesystem for LXC.
[   13.877309] cloud-init[946]: |o==.o            |         Starting LXD - container startup/shutdown...

         Starting Snappy daemon...
         Starting LSB: Record successful boot for GRUB...
         Starting Accounts Service...
         Starting Virtualbox guest utils...
[[0;32m  OK  [0m] Started iSCSI initiator daemon (iscsid).
[[0;32m  OK  [0m] Started /etc/rc.local Compatibility.
         Starting Login to default iSCSI targets...
[   13.920304] cloud-init[946]: |==*o             |
[   13.935376] cloud-init[946]: |=.+o             |
[   13.947671] cloud-init[946]: | o               |
[   13.949753] cloud-init[946]: +----[SHA256]-----+
[   13.952398] cloud-init[946]: Generating public/private ed25519 key pair.
[   13.954402] cloud-init[[0;32m  OK  [0m] Started System Logging Service.
[946]: Your identification has been saved in /etc/ssh/ssh_host_ed25519_key.
[   13.976844] cloud-init[946]: Your public key has been saved in /etc/ssh/ssh_host_ed25519_key.pub.
[   13.978552] cloud-init[946]: The key fingerprint is:
[   13.979037] cloud-init[946]: SHA256:CcHQo4/RiiyJbKBBpuR9iU3ZIH+AIWLJ2U/xc0VazfQ root@ubuntu-xenial
[   13.979753] cloud-init[946]: The key's randomart image is:
[   13.982242] cloud-init[946]: +--[ED25519 256]--+
[[0;32m  OK  [0m] Started Login to default iSCSI targets.
[   13.990303] cloud-init[946]: |oo+o+B*   .++.   |
[   13.992713] cloud-init[946]: |oB.oo+*o  +  o.  |
[[0;32m  OK  [0m] Started Login Service.
[   13.996273] cloud-init[946]: |* . *+o= o     E |
[   13.998529] cloud-init[946]: |+. oo=o.o.       |
[   14.002736] cloud-init[946]: |=+ ..=  S        |
[[0;32m  OK  [0m] Started Unattended Upgrades Shutdown.
[[0;32m  OK  [0m] Reached target Remote File Systems (Pre).
[[0;32m  OK  [0m] Reached target Remote File Systems.
[   14.044251] cloud-init[946]: |=oo o .          |
         Starting LSB: daemon to balance interrupts for SMP systems...
[   14.132601] cloud-init[946]: |..               |
[   14.136860] cloud-init[946]: |                 |
[   14.137612] cloud-init[946]: |                 |
[   14.138110] cloud-init[946]: +----[SHA256]-----+
         Starting LSB: automatic crash report generation...
         Starting Permit User Sessions...
         Starting LSB: Set the CPU Frequency Scaling governor to "ondemand"...
[[0;32m  OK  [0m] Started Permit User Sessions.
         Starting Terminate Plymouth Boot Screen...
         Starting Hold until boot process finishes up...
[[0;32m  OK  [0m] Started LSB: Record successful boot for GRUB.
[[0;32m  OK  [0m] Started Terminate Plymouth Boot Screen.
[[0;32m  OK  [0m] Started Hold until boot process finishes up.
[[0;32m  OK  [0m] Started Getty on tty1.
         Starting Set console scheme...
[[0;32m  OK  [0m] Started Serial Getty on ttyS0.
[[0;32m  OK  [0m] Reached target Login Prompts.
         Starting Authenticate and Authorize Users to Run Privileged Tasks...
[[0;32m  OK  [0m] Started Set console scheme.
[[0;32m  OK  [0m] Started LSB: MD monitoring daemon.
[[0;32m  OK  [0m] Started LSB: automatic crash report generation.
[[0;32m  OK  [0m] Started LSB: Set the CPU Frequency Scaling governor to "ondemand".
[[0;32m  OK  [0m] Started Authenticate and Authorize Users to Run Privileged Tasks.
[[0;32m  OK  [0m] Started Accounts Service.
[[0;32m  OK  [0m] Started LXD - container startup/shutdown.
[[0;32m  OK  [0m] Started LSB: daemon to balance interrupts for SMP systems.
[[0;32m  OK  [0m] Started Virtualbox guest utils.
[[0;32m  OK  [0m] Started Snappy daemon.
         Starting Wait until snapd is fully seeded...
[[0;32m  OK  [0m] Started Pollinate to seed the pseudo random number generator.
         Starting OpenBSD Secure Shell server...
[[0;32m  OK  [0m] Started OpenBSD Secure Shell server.
[[0;32m  OK  [0m] Created slice User Slice of vagrant.
         Starting User Manager for UID 1000...
[[0;32m  OK  [0m] Started Session 1 of user vagrant.
[[0;32m  OK  [0m] Started User Manager for UID 1000.

Ubuntu 16.04.6 LTS ubuntu-xenial ttyS0

ubuntu-xenial login: [   22.352574] cloud-init[1427]: Generating locales (this might take a while)...
[   24.760064] cloud-init[1427]:   en_US.UTF-8... done
[   24.761550] cloud-init[1427]: Generation complete.
[   25.429688] cloud-init[1427]: Cloud-init v. 19.4-33-gbb4131a2-0ubuntu1~16.04.1 running 'modules:config' at Thu, 11 Jun 2020 07:44:56 +0000. Up 22.07 seconds.
ci-info: no authorized SSH keys fingerprints found for user ubuntu.
<14>Jun 11 07:45:01 ec2: 
<14>Jun 11 07:45:01 ec2: #############################################################
<14>Jun 11 07:45:01 ec2: -----BEGIN SSH HOST KEY FINGERPRINTS-----
<14>Jun 11 07:45:01 ec2: 1024 SHA256:m7sDbKtScQ7YFu48tsngF72yjehUmjd8fICsVJSjOWg root@ubuntu-xenial (DSA)
<14>Jun 11 07:45:01 ec2: 256 SHA256:TUa9IGbdohI7YrZQEMKWnNpeq0zwtjLcDCexShpZwL0 root@ubuntu-xenial (ECDSA)
<14>Jun 11 07:45:01 ec2: 256 SHA256:CcHQo4/RiiyJbKBBpuR9iU3ZIH+AIWLJ2U/xc0VazfQ root@ubuntu-xenial (ED25519)
<14>Jun 11 07:45:01 ec2: 2048 SHA256:B3phPPbuvk3V22UGIDKT+48+94Y8hl7LU2kQTMyZTKI root@ubuntu-xenial (RSA)
<14>Jun 11 07:45:01 ec2: -----END SSH HOST KEY FINGERPRINTS-----
<14>Jun 11 07:45:01 ec2: #############################################################
-----BEGIN SSH HOST KEY KEYS-----
ecdsa-sha2-nistp256 AAAAE2VjZHNhLXNoYTItbmlzdHAyNTYAAAAIbmlzdHAyNTYAAABBBPXYaH7aTTaoCF4yHheZUsBUGiXQvgJQWMqdvhpTW94LqcazQqwPEGvULnB+DcB8rZXPldVWJZAPimP//wKyxtc= root@ubuntu-xenial
ssh-ed25519 AAAAC3NzaC1lZDI1NTE5AAAAIN6s4pt5II9WchIK9tmXigD2g5ignbxcISijARZYh0D1 root@ubuntu-xenial
ssh-rsa AAAAB3NzaC1yc2EAAAADAQABAAABAQDOQXQd25LdZtsW2NALiAqkLyqOj/S0Gn76ble7CeOfTT0b7h/GOrFVS4Y6wrLXEPPlwuJ8xIhdyiTo0SW2EketaoIhvMTU+Ot2SMjaFTvY52DjOlv1jkvEc8W+gARhNbpc1e4JROQs+YLKaXV9mqchxEKLEsQdvPGfEp/7727gQ88RH2BsECn0lx7oHlWdrL5wJjtTylehXt26ed7goXUp7zijBFpvxpVOQVKPVOmrv7ix3s65d+PgH+Gu9a04gTceUxLFr7ApwQ6sYe3gEnIo3rqeMAzu1ZXVOJit8uAWFnnT9bgbikMp3n8O/OZ+dLlZspR29oOgZ3r6PtGudxtx root@ubuntu-xenial
-----END SSH HOST KEY KEYS-----
[   26.526324] cloud-init[1641]: Cloud-init v. 19.4-33-gbb4131a2-0ubuntu1~16.04.1 running 'modules:final' at Thu, 11 Jun 2020 07:45:00 +0000. Up 26.20 seconds.
[   26.529470] cloud-init[1641]: ci-info: no authorized SSH keys fingerprints found for user ubuntu.
[   26.533446] cloud-init[1641]: Cloud-init v. 19.4-33-gbb4131a2-0ubuntu1~16.04.1 finished at Thu, 11 Jun 2020 07:45:01 +0000. Datasource DataSourceNoCloud [seed=/dev/sdb][dsmode=net].  Up 26.51 seconds
