[    0.000000] Initializing cgroup subsys cpuset
[    0.000000] Initializing cgroup subsys cpu
[    0.000000] Initializing cgroup subsys cpuacct
[    0.000000] Linux version 4.4.0-184-generic (buildd@lgw01-amd64-060) (gcc version 5.4.0 20160609 (Ubuntu 5.4.0-6ubuntu1~16.04.12) ) #214-Ubuntu SMP Thu Jun 4 10:14:11 UTC 2020 (Ubuntu 4.4.0-184.214-generic 4.4.223)
[    0.000000] Command line: BOOT_IMAGE=/boot/vmlinuz-4.4.0-184-generic root=LABEL=cloudimg-rootfs ro console=tty1 console=ttyS0
[    0.000000] KERNEL supported cpus:
[    0.000000]   Intel GenuineIntel
[    0.000000]   AMD AuthenticAMD
[    0.000000]   Centaur CentaurHauls
[    0.000000] x86/fpu: xstate_offset[2]:  576, xstate_sizes[2]:  256
[    0.000000] x86/fpu: Supporting XSAVE feature 0x01: 'x87 floating point registers'
[    0.000000] x86/fpu: Supporting XSAVE feature 0x02: 'SSE registers'
[    0.000000] x86/fpu: Supporting XSAVE feature 0x04: 'AVX registers'
[    0.000000] x86/fpu: Enabled xstate features 0x7, context size is 832 bytes, using 'standard' format.
[    0.000000] e820: BIOS-provided physical RAM map:
[    0.000000] BIOS-e820: [mem 0x0000000000000000-0x000000000009fbff] usable
[    0.000000] BIOS-e820: [mem 0x000000000009fc00-0x000000000009ffff] reserved
[    0.000000] BIOS-e820: [mem 0x00000000000f0000-0x00000000000fffff] reserved
[    0.000000] BIOS-e820: [mem 0x0000000000100000-0x000000003ffeffff] usable
[    0.000000] BIOS-e820: [mem 0x000000003fff0000-0x000000003fffffff] ACPI data
[    0.000000] BIOS-e820: [mem 0x00000000fec00000-0x00000000fec00fff] reserved
[    0.000000] BIOS-e820: [mem 0x00000000fee00000-0x00000000fee00fff] reserved
[    0.000000] BIOS-e820: [mem 0x00000000fffc0000-0x00000000ffffffff] reserved
[    0.000000] NX (Execute Disable) protection: active
[    0.000000] SMBIOS 2.5 present.
[    0.000000] Hypervisor detected: KVM
[    0.000000] e820: last_pfn = 0x3fff0 max_arch_pfn = 0x400000000
[    0.000000] MTRR: Disabled
[    0.000000] x86/PAT: MTRRs disabled, skipping PAT initialization too.
[    0.000000] CPU MTRRs all blank - virtualized system.
[    0.000000] x86/PAT: Configuration [0-7]: WB  WT  UC- UC  WB  WT  UC- UC  
[    0.000000] found SMP MP-table at [mem 0x0009fff0-0x0009ffff] mapped at [ffff88000009fff0]
[    0.000000] Scanning 1 areas for low memory corruption
[    0.000000] RAMDISK: [mem 0x362dc000-0x37165fff]
[    0.000000] ACPI: Early table checksum verification disabled
[    0.000000] ACPI: RSDP 0x00000000000E0000 000024 (v02 VBOX  )
[    0.000000] ACPI: XSDT 0x000000003FFF0030 00003C (v01 VBOX   VBOXXSDT 00000001 ASL  00000061)
[    0.000000] ACPI: FACP 0x000000003FFF00F0 0000F4 (v04 VBOX   VBOXFACP 00000001 ASL  00000061)
[    0.000000] ACPI: DSDT 0x000000003FFF0470 0022EA (v02 VBOX   VBOXBIOS 00000002 INTL 20100528)
[    0.000000] ACPI: FACS 0x000000003FFF0200 000040
[    0.000000] ACPI: FACS 0x000000003FFF0200 000040
[    0.000000] ACPI: APIC 0x000000003FFF0240 00005C (v02 VBOX   VBOXAPIC 00000001 ASL  00000061)
[    0.000000] ACPI: SSDT 0x000000003FFF02A0 0001CC (v01 VBOX   VBOXCPUT 00000002 INTL 20100528)
[    0.000000] No NUMA configuration found
[    0.000000] Faking a node at [mem 0x0000000000000000-0x000000003ffeffff]
[    0.000000] NODE_DATA(0) allocated [mem 0x3ffeb000-0x3ffeffff]
[    0.000000] kvm-clock: Using msrs 4b564d01 and 4b564d00
[    0.000000] kvm-clock: cpu 0, msr 0:3ffe3001, primary cpu clock
[    0.000000] kvm-clock: using sched offset of 5347778497 cycles
[    0.000000] clocksource: kvm-clock: mask: 0xffffffffffffffff max_cycles: 0x1cd42e4dffb, max_idle_ns: 881590591483 ns
[    0.000000] Zone ranges:
[    0.000000]   DMA      [mem 0x0000000000001000-0x0000000000ffffff]
[    0.000000]   DMA32    [mem 0x0000000001000000-0x000000003ffeffff]
[    0.000000]   Normal   empty
[    0.000000]   Device   empty
[    0.000000] Movable zone start for each node
[    0.000000] Early memory node ranges
[    0.000000]   node   0: [mem 0x0000000000001000-0x000000000009efff]
[    0.000000]   node   0: [mem 0x0000000000100000-0x000000003ffeffff]
[    0.000000] Initmem setup node 0 [mem 0x0000000000001000-0x000000003ffeffff]
[    0.000000] ACPI: PM-Timer IO Port: 0x4008
[    0.000000] IOAPIC[0]: apic_id 2, version 32, address 0xfec00000, GSI 0-23
[    0.000000] ACPI: INT_SRC_OVR (bus 0 bus_irq 0 global_irq 2 dfl dfl)
[    0.000000] ACPI: INT_SRC_OVR (bus 0 bus_irq 9 global_irq 9 low level)
[    0.000000] Using ACPI (MADT) for SMP configuration information
[    0.000000] smpboot: Allowing 2 CPUs, 0 hotplug CPUs
[    0.000000] PM: Registered nosave memory: [mem 0x00000000-0x00000fff]
[    0.000000] PM: Registered nosave memory: [mem 0x0009f000-0x0009ffff]
[    0.000000] PM: Registered nosave memory: [mem 0x000a0000-0x000effff]
[    0.000000] PM: Registered nosave memory: [mem 0x000f0000-0x000fffff]
[    0.000000] e820: [mem 0x40000000-0xfebfffff] available for PCI devices
[    0.000000] Booting paravirtualized kernel on KVM
[    0.000000] clocksource: refined-jiffies: mask: 0xffffffff max_cycles: 0xffffffff, max_idle_ns: 7645519600211568 ns
[    0.000000] setup_percpu: NR_CPUS:512 nr_cpumask_bits:512 nr_cpu_ids:2 nr_node_ids:1
[    0.000000] PERCPU: Embedded 33 pages/cpu @ffff88003fc00000 s95448 r8192 d31528 u1048576
[    0.000000] Built 1 zonelists in Node order, mobility grouping on.  Total pages: 257912
[    0.000000] Policy zone: DMA32
[    0.000000] Kernel command line: BOOT_IMAGE=/boot/vmlinuz-4.4.0-184-generic root=LABEL=cloudimg-rootfs ro console=tty1 console=ttyS0
[    0.000000] PID hash table entries: 4096 (order: 3, 32768 bytes)
[    0.000000] Memory: 997660K/1048120K available (8632K kernel code, 1336K rwdata, 4036K rodata, 1492K init, 1292K bss, 50460K reserved, 0K cma-reserved)
[    0.000000] SLUB: HWalign=64, Order=0-3, MinObjects=0, CPUs=2, Nodes=1
[    0.000000] Kernel/User page tables isolation: enabled
[    0.000000] Hierarchical RCU implementation.
[    0.000000] 	Build-time adjustment of leaf fanout to 64.
[    0.000000] 	RCU restricting CPUs from NR_CPUS=512 to nr_cpu_ids=2.
[    0.000000] RCU: Adjusting geometry for rcu_fanout_leaf=64, nr_cpu_ids=2
[    0.000000] NR_IRQS:33024 nr_irqs:440 16
[    0.000000] Console: colour VGA+ 80x25
[    0.000000] console [tty1] enabled
[    0.000000] console [ttyS0] enabled
[    0.000000] tsc: Detected 3201.938 MHz processor
[    0.485726] Calibrating delay loop (skipped) preset value.. 6403.87 BogoMIPS (lpj=12807752)
[    0.489404] pid_max: default: 32768 minimum: 301
[    0.491241] ACPI: Core revision 20150930
[    0.496978] ACPI: 2 ACPI AML tables successfully acquired and loaded
[    0.499982] Security Framework initialized
[    0.501807] Yama: becoming mindful.
[    0.503374] AppArmor: AppArmor initialized
[    0.505304] Dentry cache hash table entries: 131072 (order: 8, 1048576 bytes)
[    1.325778] Inode-cache hash table entries: 65536 (order: 7, 524288 bytes)
[    1.329345] Mount-cache hash table entries: 2048 (order: 2, 16384 bytes)
[    1.332921] Mountpoint-cache hash table entries: 2048 (order: 2, 16384 bytes)
[    1.336936] Initializing cgroup subsys io
[    1.338832] Initializing cgroup subsys memory
[    1.340645] Initializing cgroup subsys devices
[    1.342428] Initializing cgroup subsys freezer
[    1.344239] Initializing cgroup subsys net_cls
[    1.346023] Initializing cgroup subsys perf_event
[    1.348031] Initializing cgroup subsys net_prio
[    1.350004] Initializing cgroup subsys hugetlb
[    1.352094] Initializing cgroup subsys pids
[    1.354109] mce: CPU supports 0 MCE banks
[    1.355976] Last level iTLB entries: 4KB 512, 2MB 8, 4MB 8
[    1.358100] Last level dTLB entries: 4KB 512, 2MB 32, 4MB 32, 1GB 0
[    1.360354] Spectre V1 : Mitigation: usercopy/swapgs barriers and __user pointer sanitization
[    1.364215] Spectre V2 : Mitigation: Full generic retpoline
[    1.366626] Spectre V2 : Spectre v2 / SpectreRSB mitigation: Filling RSB on context switch
[    1.371075] Speculative Store Bypass: Vulnerable
[    1.373221] MDS: Vulnerable: Clear CPU buffers attempted, no microcode
[    1.381559] Freeing SMP alternatives memory: 36K
[    1.395871] ftrace: allocating 32319 entries in 127 pages
[    1.570452] smpboot: APIC(0) Converting physical 0 to logical package 0
[    1.573251] smpboot: Max logical packages: 1
[    1.576441] x2apic enabled
[    1.578587] Switched APIC routing to physical x2apic.
[    1.583892] ..TIMER: vector=0x30 apic1=0 pin1=2 apic2=-1 pin2=-1
[    1.694496] smpboot: CPU0: Intel(R) Core(TM) i7-3930K CPU @ 3.20GHz (family: 0x6, model: 0x2d, stepping: 0x7)
[    1.699596] Performance Events: unsupported p6 CPU model 45 no PMU driver, software events only.
[    1.721429] KVM setup paravirtual spinlock
[    1.724951] x86: Booting SMP configuration:
[    1.726978] .... node  #0, CPUs:      #1
[    1.728574] kvm-clock: cpu 1, msr 0:3ffe3041, secondary cpu clock
[    1.730402] mce: CPU supports 0 MCE banks
[    1.734105] x86: Booted up 1 node, 2 CPUs
[    1.736617] smpboot: Total of 2 processors activated (12807.75 BogoMIPS)
[    1.740035] devtmpfs: initialized
[    1.754406] evm: security.selinux
[    1.755982] evm: security.SMACK64
[    1.757565] evm: security.SMACK64EXEC
[    1.759644] evm: security.SMACK64TRANSMUTE
[    1.761539] evm: security.SMACK64MMAP
[    1.763614] evm: security.ima
[    1.765112] evm: security.capability
[    1.767438] clocksource: jiffies: mask: 0xffffffff max_cycles: 0xffffffff, max_idle_ns: 7645041785100000 ns
[    1.771620] futex hash table entries: 512 (order: 3, 32768 bytes)
[    1.774149] pinctrl core: initialized pinctrl subsystem
[    1.776720] RTC time:  6:28:36, date: 06/25/20
[    1.778982] NET: Registered protocol family 16
[    1.790189] cpuidle: using governor ladder
[    1.802158] cpuidle: using governor menu
[    1.803892] PCCT header not found.
[    1.805644] ACPI: bus type PCI registered
[    1.807680] acpiphp: ACPI Hot Plug PCI Controller Driver version: 0.5
[    1.810380] PCI: Using configuration type 1 for base access
[    1.827062] ACPI: Added _OSI(Module Device)
[    1.828783] ACPI: Added _OSI(Processor Device)
[    1.830603] ACPI: Added _OSI(3.0 _SCP Extensions)
[    1.832526] ACPI: Added _OSI(Processor Aggregator Device)
[    1.836573] ACPI: Executed 1 blocks of module-level executable AML code
[    1.844573] ACPI: Interpreter enabled
[    1.846181] ACPI: (supports S0 S5)
[    1.847681] ACPI: Using IOAPIC for interrupt routing
[    1.850052] PCI: Using host bridge windows from ACPI; if necessary, use "pci=nocrs" and report a bug
[    1.862529] ACPI: PCI Root Bridge [PCI0] (domain 0000 [bus 00-ff])
[    1.864809] acpi PNP0A03:00: _OSC: OS supports [ASPM ClockPM Segments MSI]
[    1.868332] acpi PNP0A03:00: _OSC: not requesting OS control; OS requires [ExtendedConfig ASPM ClockPM MSI]
[    1.872120] acpi PNP0A03:00: fail to add MMCONFIG information, can't access extended PCI configuration space under this bridge.
[    1.876905] PCI host bridge to bus 0000:00
[    1.878622] pci_bus 0000:00: root bus resource [io  0x0000-0x0cf7 window]
[    1.881137] pci_bus 0000:00: root bus resource [io  0x0d00-0xffff window]
[    1.883744] pci_bus 0000:00: root bus resource [mem 0x000a0000-0x000bffff window]
[    1.886887] pci_bus 0000:00: root bus resource [mem 0x40000000-0xfdffffff window]
[    1.890007] pci_bus 0000:00: root bus resource [bus 00-ff]
[    1.895125] pci 0000:00:01.1: legacy IDE quirk: reg 0x10: [io  0x01f0-0x01f7]
[    1.897627] pci 0000:00:01.1: legacy IDE quirk: reg 0x14: [io  0x03f6]
[    1.900165] pci 0000:00:01.1: legacy IDE quirk: reg 0x18: [io  0x0170-0x0177]
[    1.902728] pci 0000:00:01.1: legacy IDE quirk: reg 0x1c: [io  0x0376]
[    1.946850] pci 0000:00:07.0: quirk: [io  0x4000-0x403f] claimed by PIIX4 ACPI
[    1.949990] pci 0000:00:07.0: quirk: [io  0x4100-0x410f] claimed by PIIX4 SMB
[    1.962836] ACPI: PCI Interrupt Link [LNKA] (IRQs 5 9 10 *11)
[    1.966227] ACPI: PCI Interrupt Link [LNKB] (IRQs 5 9 *10 11)
[    1.969161] ACPI: PCI Interrupt Link [LNKC] (IRQs 5 *9 10 11)
[    1.972184] ACPI: PCI Interrupt Link [LNKD] (IRQs 5 9 10 *11)
[    1.975221] ACPI: Enabled 2 GPEs in block 00 to 07
[    1.977598] vgaarb: setting as boot device: PCI:0000:00:02.0
[    1.979837] vgaarb: device added: PCI:0000:00:02.0,decodes=io+mem,owns=io+mem,locks=none
[    1.983556] vgaarb: loaded
[    1.985113] vgaarb: bridge control possible 0000:00:02.0
[    1.987992] SCSI subsystem initialized
[    1.989790] ACPI: bus type USB registered
[    1.991466] usbcore: registered new interface driver usbfs
[    1.993500] usbcore: registered new interface driver hub
[    1.995567] usbcore: registered new device driver usb
[    1.997979] PCI: Using ACPI for IRQ routing
[    2.000438] NetLabel: Initializing
[    2.002135] NetLabel:  domain hash size = 128
[    2.003888] NetLabel:  protocols = UNLABELED CIPSOv4
[    2.033961] NetLabel:  unlabeled traffic allowed by default
[    2.036533] amd_nb: Cannot enumerate AMD northbridges
[    2.038642] clocksource: Switched to clocksource kvm-clock
[    2.865357] AppArmor: AppArmor Filesystem Enabled
[    2.867430] pnp: PnP ACPI init
[    2.870452] pnp: PnP ACPI: found 3 devices
[    2.879655] clocksource: acpi_pm: mask: 0xffffff max_cycles: 0xffffff, max_idle_ns: 2085701024 ns
[    2.883305] NET: Registered protocol family 2
[    2.885418] TCP established hash table entries: 8192 (order: 4, 65536 bytes)
[    2.888106] TCP bind hash table entries: 8192 (order: 5, 131072 bytes)
[    2.890497] TCP: Hash tables configured (established 8192 bind 8192)
[    2.893009] UDP hash table entries: 512 (order: 2, 16384 bytes)
[    2.895169] UDP-Lite hash table entries: 512 (order: 2, 16384 bytes)
[    2.897574] NET: Registered protocol family 1
[    2.899441] pci 0000:00:00.0: Limiting direct PCI/PCI transfers
[    2.901798] pci 0000:00:01.0: Activating ISA DMA hang workarounds
[    2.904367] Unpacking initramfs...
[    3.372557] Freeing initrd memory: 14888K
[    3.374500] RAPL PMU detected, API unit is 2^-32 Joules, 3 fixed counters 10737418240 ms ovfl timer
[    3.378042] hw unit of domain pp0-core 2^-0 Joules
[    3.379969] hw unit of domain package 2^-0 Joules
[    3.381877] hw unit of domain dram 2^-0 Joules
[    3.383753] clocksource: tsc: mask: 0xffffffffffffffff max_cycles: 0x2e2770c9a07, max_idle_ns: 440795333267 ns
[    3.387799] platform rtc_cmos: registered platform RTC device (no PNP device found)
[    3.391031] Scanning for low memory corruption every 60 seconds
[    3.393838] audit: initializing netlink subsys (disabled)
[    3.395954] audit: type=2000 audit(1593066523.451:1): initialized
[    3.398706] Initialise system trusted keyring
[    3.400793] HugeTLB registered 2 MB page size, pre-allocated 0 pages
[    3.406056] zbud: loaded
[    3.408054] VFS: Disk quotas dquot_6.6.0
[    3.409736] VFS: Dquot-cache hash table entries: 512 (order 0, 4096 bytes)
[    3.412684] squashfs: version 4.0 (2009/01/31) Phillip Lougher
[    3.415619] fuse init (API version 7.23)
[    3.417862] Key type big_key registered
[    3.419529] Allocating IMA MOK and blacklist keyrings.
[    3.422953] Key type asymmetric registered
[    3.424612] Asymmetric key parser 'x509' registered
[    3.426614] Block layer SCSI generic (bsg) driver version 0.4 loaded (major 249)
[    3.429954] io scheduler noop registered
[    3.431719] io scheduler deadline registered (default)
[    3.433863] io scheduler cfq registered
[    3.435759] pci_hotplug: PCI Hot Plug PCI Core version: 0.5
[    3.437879] pciehp: PCI Express Hot Plug Controller Driver version: 0.4
[    3.440482] ACPI: AC Adapter [AC] (on-line)
[    3.442292] input: Power Button as /devices/LNXSYSTM:00/LNXPWRBN:00/input/input0
[    3.445582] ACPI: Power Button [PWRF]
[    3.447659] input: Sleep Button as /devices/LNXSYSTM:00/LNXSLPBN:00/input/input1
[    3.451518] ACPI: Sleep Button [SLPF]
[    3.453410] GHES: HEST is not enabled!
[    3.455249] Serial: 8250/16550 driver, 32 ports, IRQ sharing enabled
[    3.478884] 00:02: ttyS0 at I/O 0x3f8 (irq = 4, base_baud = 115200) is a 16550A
[    3.487413] Linux agpgart interface v0.103
[    3.492409] loop: module loaded
[    3.494952] scsi host0: ata_piix
[    3.496641] scsi host1: ata_piix
[    3.513811] ata1: PATA max UDMA/33 cmd 0x1f0 ctl 0x3f6 bmdma 0xd000 irq 14
[    3.516476] ata2: PATA max UDMA/33 cmd 0x170 ctl 0x376 bmdma 0xd008 irq 15
[    3.519521] libphy: Fixed MDIO Bus: probed
[    3.521439] tun: Universal TUN/TAP device driver, 1.6
[    3.523451] tun: (C) 1999-2004 Max Krasnyansky <maxk@qualcomm.com>
[    3.525969] PPP generic driver version 2.4.2
[    3.527954] ehci_hcd: USB 2.0 'Enhanced' Host Controller (EHCI) Driver
[    3.530399] ehci-pci: EHCI PCI platform driver
[    3.532445] ehci-platform: EHCI generic platform driver
[    3.534868] ohci_hcd: USB 1.1 'Open' Host Controller (OHCI) Driver
[    3.537649] ohci-pci: OHCI PCI platform driver
[    3.539516] ohci-platform: OHCI generic platform driver
[    3.541532] uhci_hcd: USB Universal Host Controller Interface driver
[    3.543970] i8042: PNP: PS/2 Controller [PNP0303:PS2K,PNP0f03:PS2M] at 0x60,0x64 irq 1,12
[    3.548166] serio: i8042 KBD port at 0x60,0x64 irq 1
[    3.551955] serio: i8042 AUX port at 0x60,0x64 irq 12
[    3.555506] mousedev: PS/2 mouse device common for all mice
[    3.559010] input: AT Translated Set 2 keyboard as /devices/platform/i8042/serio0/input/input2
[    3.563600] rtc_cmos rtc_cmos: rtc core: registered rtc_cmos as rtc0
[    3.566977] rtc_cmos rtc_cmos: alarms up to one day, 114 bytes nvram
[    3.570374] i2c /dev entries driver
[    3.572397] device-mapper: uevent: version 1.0.3
[    3.574454] device-mapper: ioctl: 4.34.0-ioctl (2015-10-28) initialised: dm-devel@redhat.com
[    3.578217] ledtrig-cpu: registered to indicate activity on CPUs
[    3.581089] NET: Registered protocol family 10
[    3.583421] NET: Registered protocol family 17
[    3.585329] Key type dns_resolver registered
[    3.587707] registered taskstats version 1
[    3.589477] Loading compiled-in X.509 certificates
[    3.592335] Loaded X.509 cert 'Build time autogenerated kernel key: b6ae09eed57f82583ccd3c65c463e852cdd7a0b5'
[    3.596146] zswap: loaded using pool lzo/zbud
[    3.602042] Key type trusted registered
[    3.609919] Key type encrypted registered
[    3.611725] AppArmor: AppArmor sha1 policy hashing enabled
[    3.613904] ima: No TPM chip found, activating TPM-bypass!
[    3.616189] ima: Allocated hash algorithm: sha1
[    3.618344] evm: HMAC attrs: 0x1
[    3.620444]   Magic number: 8:439:469
[    3.622163] rtc_cmos rtc_cmos: setting system clock to 2020-06-25 06:28:37 UTC (1593066517)
[    3.625908] BIOS EDD facility v0.16 2004-Jun-25, 0 devices found
[    3.628207] EDD information not available.
[    3.678995] Freeing unused kernel memory: 1492K
[    3.680984] Write protecting the kernel read-only data: 14336k
[    3.684118] Freeing unused kernel memory: 1596K
[    3.686227] Freeing unused kernel memory: 60K
Loading, please wait...
starting version 229
[    3.709117] random: systemd-udevd: uninitialized urandom read (16 bytes read, 3 bits of entropy available)
[    3.710158] random: udevadm: uninitialized urandom read (16 bytes read, 3 bits of entropy available)
[    3.710191] random: udevadm: uninitialized urandom read (16 bytes read, 3 bits of entropy available)
[    3.721177] random: systemd-udevd: uninitialized urandom read (16 bytes read, 3 bits of entropy available)
[    3.724982] random: systemd-udevd: uninitialized urandom read (16 bytes read, 3 bits of entropy available)
[    3.728885] random: systemd-udevd: uninitialized urandom read (16 bytes read, 3 bits of entropy available)
[    3.730274] random: udevadm: uninitialized urandom read (16 bytes read, 3 bits of entropy available)
[    3.730387] random: udevadm: uninitialized urandom read (16 bytes read, 3 bits of entropy available)
[    3.730731] random: udevadm: uninitialized urandom read (16 bytes read, 3 bits of entropy available)
[    3.730867] random: udevadm: uninitialized urandom read (16 bytes read, 3 bits of entropy available)
[    3.819576] e1000: Intel(R) PRO/1000 Network Driver - version 7.3.21-k8-NAPI
[    3.822364] e1000: Copyright (c) 1999-2006 Intel Corporation.
[    3.829630] Fusion MPT base driver 3.04.20
[    3.831858] Copyright (c) 1999-2008 LSI Corporation
[    3.871108] AVX version of gcm_enc/dec engaged.
[    3.873045] AES CTR mode by8 optimization enabled
[    3.888265] Fusion MPT SPI Host driver 3.04.20
[    4.076742] input: ImExPS/2 Generic Explorer Mouse as /devices/platform/i8042/serio1/input/input4
[    4.326223] e1000 0000:00:03.0 eth0: (PCI:33MHz:32-bit) 02:fd:3e:94:53:22
[    4.328670] e1000 0000:00:03.0 eth0: Intel(R) PRO/1000 Network Connection
[    5.293535] e1000 0000:00:08.0 eth1: (PCI:33MHz:32-bit) 08:00:27:bd:1d:85
[    5.296276] e1000 0000:00:08.0 eth1: Intel(R) PRO/1000 Network Connection
[    5.301281] mptbase: ioc0: Initiating bringup
[    5.302766] e1000 0000:00:03.0 enp0s3: renamed from eth0
[    5.319352] e1000 0000:00:08.0 enp0s8: renamed from eth1
[    5.367295] ioc0: LSI53C1030 A0: Capabilities={Initiator}
[    5.529081] scsi host2: ioc0: LSI53C1030 A0, FwRev=00000000h, Ports=1, MaxQ=256, IRQ=20
[    5.643441] scsi 2:0:0:0: Direct-Access     VBOX     HARDDISK         1.0  PQ: 0 ANSI: 5
[    5.647058] scsi target2:0:0: Beginning Domain Validation
[    5.651161] scsi target2:0:0: Domain Validation skipping write tests
[    5.653674] scsi target2:0:0: Ending Domain Validation
[    5.681266] scsi target2:0:0: asynchronous
[    5.683642] scsi 2:0:1:0: Direct-Access     VBOX     HARDDISK         1.0  PQ: 0 ANSI: 5
[    5.687409] scsi target2:0:1: Beginning Domain Validation
[    5.690830] scsi target2:0:1: Domain Validation skipping write tests
[    5.693092] scsi target2:0:1: Ending Domain Validation
[    5.695103] scsi target2:0:1: asynchronous
[    5.704986] sd 2:0:0:0: [sda] 20971520 512-byte logical blocks: (10.7 GB/10.0 GiB)
[    5.708410] sd 2:0:0:0: [sda] Write Protect is off
[    5.710440] sd 2:0:0:0: [sda] Incomplete mode parameter data
[    5.712572] sd 2:0:0:0: [sda] Assuming drive cache: write through
[    5.715266] sd 2:0:0:0: Attached scsi generic sg0 type 0
[    5.719117] sd 2:0:1:0: [sdb] 20480 512-byte logical blocks: (10.5 MB/10.0 MiB)
[    5.723291]  sda: sda1
[    5.723750] sd 2:0:1:0: [sdb] Write Protect is off
[    5.723884] sd 2:0:1:0: [sdb] Incomplete mode parameter data
[    5.723887] sd 2:0:1:0: [sdb] Assuming drive cache: write through
[    5.727127] sd 2:0:1:0: Attached scsi generic sg1 type 0
[    5.729546] sd 2:0:1:0: [sdb] Attached SCSI disk
[    5.736911] sd 2:0:0:0: [sda] Attached SCSI disk
Begin: Loading essential drivers ... [    7.678503] md: linear personality registered for level -1
[    7.685595] md: multipath personality registered for level -4
[    7.692362] md: raid0 personality registered for level 0
[    7.700456] md: raid1 personality registered for level 1
[    7.774931] raid6: sse2x1   gen()  2566 MB/s
[    7.842755] raid6: sse2x1   xor()  1731 MB/s
[    7.910664] raid6: sse2x2   gen()  4588 MB/s
[    7.978974] raid6: sse2x2   xor()  3041 MB/s
[    8.046829] raid6: sse2x4   gen()  7214 MB/s
[    8.114688] raid6: sse2x4   xor()  3920 MB/s
[    8.116522] raid6: using algorithm sse2x4 gen() 7214 MB/s
[    8.118556] raid6: .... xor() 3920 MB/s, rmw enabled
[    8.120645] raid6: using ssse3x2 recovery algorithm
[    8.124689] xor: automatically using best checksumming function:
[    8.163042]    avx       : 16516.000 MB/sec
[    8.166668] async_tx: api initialized (async)
[    8.182673] md: raid6 personality registered for level 6
[    8.185310] md: raid5 personality registered for level 5
[    8.187638] md: raid4 personality registered for level 4
[    8.200482] md: raid10 personality registered for level 10
done.
Begin: Running /scripts/init-premount ... done.
Begin: Mounting root file system ... Begin: Running /scripts/local-top ... done.
Begin: Running /scripts/local-premount ... [    8.263530] Btrfs loaded
Scanning for Btrfs filesystems
done.
Warning: fsck not present, so skipping root file system
[    8.304660] EXT4-fs (sda1): mounted filesystem with ordered data mode. Opts: (null)
done.
Begin: Running /scripts/local-bottom ... done.
Begin: Running /scripts/init-bottom ... done.
[    8.453117] systemd[1]: systemd 229 running in system mode. (+PAM +AUDIT +SELINUX +IMA +APPARMOR +SMACK +SYSVINIT +UTMP +LIBCRYPTSETUP +GCRYPT +GNUTLS +ACL +XZ -LZ4 +SECCOMP +BLKID +ELFUTILS +KMOD -IDN)
[    8.460425] systemd[1]: Detected virtualization oracle.
[    8.462550] systemd[1]: Detected architecture x86-64.

Welcome to [1mUbuntu 16.04.6 LTS[0m!

[    8.468599] systemd[1]: Set hostname to <ubuntu>.
[    8.474262] systemd[1]: Initializing machine ID from random generator.
[    8.476765] systemd[1]: Installed transient /etc/machine-id file.
[    8.652381] systemd[1]: Listening on Journal Socket.
[[0;32m  OK  [0m] Listening on Journal Socket.
[    8.656206] systemd[1]: Set up automount Arbitrary Executable File Formats File System Automount Point.
[[0;32m  OK  [0m] Set up automount Arbitrary Executab...ats File System Automount Point.
[    8.662333] systemd[1]: Created slice User and Session Slice.
[[0;32m  OK  [0m] Created slice User and Session Slice.
[    8.666606] systemd[1]: Started Forward Password Requests to Wall Directory Watch.
[[0;32m  OK  [0m] Started Forward Password Requests to Wall Directory Watch.
[    8.672461] systemd[1]: Listening on Syslog Socket.
[[0;32m  OK  [0m] Listening on Syslog Socket.
[    8.676047] systemd[1]: Listening on Journal Audit Socket.
[[0;32m  OK  [0m] Listening on Journal Audit Socket.
[    8.679657] systemd[1]: Started Trigger resolvconf update for networkd DNS.
[[0;32m  OK  [0m] Started Trigger resolvconf update for networkd DNS.
[    8.684159] systemd[1]: Listening on Device-mapper event daemon FIFOs.
[[0;32m  OK  [0m] Listening on Device-mapper event daemon FIFOs.
[    8.688367] systemd[1]: Reached target User and Group Name Lookups.
[[0;32m  OK  [0m] Reached target User and Group Name Lookups.
[    8.692921] systemd[1]: Created slice System Slice.
[[0;32m  OK  [0m] Created slice System Slice.
[    8.711029] systemd[1]: Starting Nameserver information manager...
         Starting Nameserver information manager...
[    8.716132] systemd[1]: Starting Create list of required static device nodes for the current kernel...
         Starting Create list of required st... nodes for the current kernel...
[    8.723243] systemd[1]: Mounting POSIX Message Queue File System...
         Mounting POSIX Message Queue File System...
[    8.727677] systemd[1]: Listening on udev Kernel Socket.
[[0;32m  OK  [0m] Listening on udev Kernel Socket.
[    8.731133] systemd[1]: Listening on /dev/initctl Compatibility Named Pipe.
[[0;32m  OK  [0m] Listening on /dev/initctl Compatibility Named Pipe.
[    8.735831] systemd[1]: Listening on LVM2 poll daemon socket.
[[0;32m  OK  [0m] Listening on LVM2 poll daemon socket.
[    8.740720] systemd[1]: Mounting Huge Pages File System...
         Mounting Huge Pages File System...
[    8.744662] systemd[1]: Created slice system-serial\x2dgetty.slice.
[[0;32m  OK  [0m] Created slice system-serial\x2dgetty.slice.
[    8.755023] systemd[1]: Reached target Slices.
[[0;32m  OK  [0m] Reached target Slices.
[    8.771004] systemd[1]: Starting Uncomplicated firewall...
         Starting Uncomplicated firewall...
[    8.774537] systemd[1]: Listening on udev Control Socket.
[[0;32m  OK  [0m] Listening on udev Control Socket.
[    8.778251] systemd[1]: Listening on Journal Socket (/dev/log).
[[0;32m  OK  [0m] Listening on Journal Socket (/dev/log).
[    8.783129] systemd[1]: Starting Journal Service...
         Starting Journal Service...
[    8.789336] systemd[1]: Starting Load Kernel Modules...
         Starting Load Kernel Modules...
[    8.792720] systemd[1]: Reached target Encrypted Volumes.
[[0;32m  OK  [0m] Reached target Encrypted Volumes.
[    8.798129] systemd[1]: Starting Remount Root and Kernel File Systems...
         Starting Remount Root and Kernel File Systems...
[    8.803369] systemd[1]: Reached target Swap.
[[0;32m  OK  [0m] Reached target Swap.
[    8.812782] systemd[1]: Starting Set console keymap...
[    8.813637] EXT4-fs (sda1): re-mounted. Opts: (null)
         Starting Set console keymap...
[    8.819989] systemd[1]: Mounting Debug File System...
         Mounting Debug File System...
[    8.825154] systemd[1]: Listening on LVM2 metadata daemon socket.
[[    8.828071] Loading iSCSI transport class v2.0-870.
[0;32m  OK  [0m] Listening on LVM2 metadata daemon socket.
[    8.831502] systemd[1]: Starting Monitoring of LVM2 mirrors, snapshots etc. using dmeventd or progress polling...
         Starting Monitoring of LVM2 mirrors... dmeventd or progress polling...
[    8.838439] systemd[1]: Reached target System Time Synchronized.
[[0;32m  OK  [0m] Reached target System Time Synchronized.
[    8.846595] systemd[1]: Mounted Debug File System.
[[0;32m  OK  [0m] Mounted Debug File System.
[    8.852254] systemd[1]: Mounted Huge Pages File System.
[[0;32m  OK  [0m] Mounted Huge Pages File System.
[    8.857079] systemd[1]: Mounted POSIX Message Queue File System.
[[0;32m  OK  [0m] Mounted POSIX Message Queue File System.
[    8.868859] iscsi: registered transport (tcp)
[    8.876145] systemd[1]: Started Create list of required static device nodes for the current kernel.
[[0;32m  OK  [0m] Started Create list of required sta...ce nodes for the current kernel.
[    8.884860] systemd[1]: Started Uncomplicated firewall.
[[0;32m  OK  [0m] Started Uncomplicated firewall.
[    8.889533] systemd[1]: Started Remount Root and Kernel File Systems.
[[0;32m  OK  [0m] Started Remount Root and Kernel File Systems.
[    8.922934] systemd[1]: Started Nameserver information manager.
[[0;32m  OK  [0m] Started Nameserver information manager.
[    8.932652] iscsi: registered transport (iser)
[    8.937580] systemd[1]: Started Journal Service.
[[0;32m  OK  [0m] Started Journal Service.
[[0;32m  OK  [0m] Started Load Kernel Modules.
[[0;32m  OK  [0m] Started LVM2 metadata daemon.
         Mounting FUSE Control File System...
         Starting Apply Kernel Variables...
         Starting udev Coldplug all Devices...
         Starting Load/Save Random Seed...
         Starting Flush Journal to Persistent Storage...
         Starting Create Static Device Nodes in /dev...
[[0;32m  OK  [0m] Mounted FUSE Control File System.
[[0;32m  OK  [0m] Started Load/Save Random Seed.
[    9.011741] systemd-journald[382]: Received request to flush runtime journal from PID 1
[[0;32m  OK  [0m] Started Apply Kernel Variables.
[[0;32m  OK  [0m] Started Flush Journal to Persistent Storage.
[[0;32m  OK  [0m] Started Create Static Device Nodes in /dev.
         Starting udev Kernel Device Manager...
[[0;32m  OK  [0m] Started udev Kernel Device Manager.
[[0;32m  OK  [0m] Started udev Coldplug all Devices.
[[0;32m  OK  [0m] Started Set console keymap.
[[0;32m  OK  [0m] Started Dispatch Password Requests to Console Directory Watch.
[[0;32m  OK  [0m] Started Monitoring of LVM2 mirrors,...ng dmeventd or progress polling.
[[0;32m  OK  [0m] Reached target Local File Systems (Pre).
[[0;32m  OK  [0m] Reached target Local File Systems.
         Starting Create Volatile Files and Directories...
         Starting Commit a transient machine-id on disk...
         Starting Set console font and keymap...
         Starting Tell Plymouth To Write Out Runtime Data...
         Starting LSB: AppArmor initialization...
         Starting Initial cloud-init job (pre-networking)...
[[0;32m  OK  [0m] Started Create Volatile Files and Directories.
[[0;32m  OK  [0m] Started Commit a transient machine-id on disk.
[[0;32m  OK  [0m] Started Tell Plymouth To Write Out Runtime Data.
         Starting Update UTMP about System Boot/Shutdown...
[[0;32m  OK  [0m] Started Update UTMP about System Boot/Shutdown.
[[0;32m  OK  [0m] Found device /dev/ttyS0.
[[0;32m  OK  [0m] Listening on Load/Save RF Kill Switch Status /dev/rfkill Watch.
[   10.368949] cloud-init[509]: Cloud-init v. 19.4-33-gbb4131a2-0ubuntu1~16.04.1 running 'init-local' at Thu, 25 Jun 2020 06:28:44 +0000. Up 9.52 seconds.
[[0;32m  OK  [0m] Started Initial cloud-init job (pre-networking).
[[0;32m  OK  [0m] Reached target Network (Pre).
[[0;32m  OK  [0m] Started Set console font and keymap.
[[0;32m  OK  [0m] Created slice system-getty.slice.
[[0;32m  OK  [0m] Started LSB: AppArmor initialization.
         Starting Raise network interfaces...
[[0;32m  OK  [0m] Started Raise network interfaces.
[[0;32m  OK  [0m] Reached target Network.
         Starting Initial cloud-init job (metadata service crawler)...
[   14.134896] cloud-init[976]: Cloud-init v. 19.4-33-gbb4131a2-0ubuntu1~16.04.1 running 'init' at Thu, 25 Jun 2020 06:28:48 +0000. Up 13.16 seconds.
[   14.138481] cloud-init[976]: ci-info: ++++++++++++++++++++++++++++++++++++++Net device info+++++++++++++++++++++++++++++++++++++++
[   14.142168] cloud-init[976]: ci-info: +--------+-------+----------------------------+---------------+--------+-------------------+
[   14.146079] cloud-init[976]: ci-info: | Device |   Up  |          Address           |      Mask     | Scope  |     Hw-Address    |
[   14.149940] cloud-init[976]: ci-info: +--------+-------+----------------------------+---------------+--------+-------------------+
[   14.153931] cloud-init[976]: ci-info: | enp0s3 |  True |         10.0.2.15          | 255.255.255.0 | global | 02:fd:3e:94:53:22 |
[   14.157848] cloud-init[976]: ci-info: | enp0s3 |  True | fe80::fd:3eff:fe94:5322/64 |       .       |  link  | 02:fd:3e:94:53:22 |
[   14.162203] cloud-init[976]: ci-info: | enp0s8 | False |             .              |       .       |   .    | 08:00:27:bd:1d:85 |
[   14.166369] cloud-init[976]: ci-info: |   lo   |  True |         127.0.0.1          |   255.0.0.0   |  host  |         .         |
[   14.177185] cloud-init[976]: ci-info: |   lo   |  True |          ::1/128           |       .       |  host  |         .         |
[   14.182029] cloud-init[976]: ci-info: +--------+-------+----------------------------+---------------+--------+-------------------+
[   14.186887] cloud-init[976]: ci-info: +++++++++++++++++++++++++++Route IPv4 info++++++++++++++++++++++++++++
[   14.191164] cloud-init[976]: ci-info: +-------+-------------+----------+---------------+-----------+-------+
[   14.195384] cloud-init[976]: ci-info: | Route | Destination | Gateway  |    Genmask    | Interface | Flags |
[   14.207059] cloud-init[976]: ci-info: +-------+-------------+----------+---------------+-----------+-------+
[   14.211214] cloud-init[976]: ci-info: |   0   |   0.0.0.0   | 10.0.2.2 |    0.0.0.0    |   enp0s3  |   UG  |
[   14.214496] cloud-init[976]: ci-info: |   1   |   10.0.2.0  | 0.0.0.0  | 255.255.255.0 |   enp0s3  |   U   |
[   14.218203] cloud-init[976]: ci-info: +-------+-------------+----------+---------------+-----------+-------+
[   14.221846] cloud-init[976]: ci-info: +++++++++++++++++++Route IPv6 info+++++++++++++++++++
[   14.225706] cloud-init[976]: ci-info: +-------+-------------+---------+-----------+-------+
[   14.229173] cloud-init[976]: ci-info: | Route | Destination | Gateway | Interface | Flags |
[   14.233252] cloud-init[976]: ci-info: +-------+-------------+---------+-----------+-------+
[   14.237570] cloud-init[976]: ci-info: |   0   |  fe80::/64  |    ::   |   enp0s3  |   U   |
[[0;32m  OK  [0m] Started Initial cloud-init job (metadata service crawler).
[   14.249127] [[0;32m  OK  [0m] Reached target Network is Online.
cloud-init[976]: ci-info: |   3   |   ff00::/8  |    ::   |   enp0s3  |   U   |
[   14.257911] cloud-init[976]: ci-info: +-------+-------------+---------+-----------+-------+
[   14.261184] cloud-init[976]: Generating public/private rsa key pair.
[   14.263027] cloud-init[976]: Your identification has been saved in /etc/ssh/ssh_host_rsa_key.
[   14.265845] cloud-init[976]: Your public key has been saved in /etc/ssh/ssh_host_rsa_key.pub.
         Starting iSCSI initiator daemon (iscsid)...
[   14.272317] cloud-init[976]: The key fingerprint is:
[   14.275471] cloud-init[[0;32m  OK  [0m] Reached target System Initialization.
[[0;32m  OK  [0m] Started Daily apt download activities.
[[0;32m  OK  [0m] Listening on D-Bus System Message Bus Socket.
[[0;32m  OK  [0m] Listening on UUID daemon activation socket.
[[0;32m  OK  [0m] Started Message of the Day.
[[0;32m  OK  [0m] Started Daily apt upgrade and clean activities.
         Starting Socket activation for snappy daemon.
[976]:          Starting LXD - unix socket.
[[0;32m  OK  [0m] Started Daily Cleanup of Temporary Directories.
[[0;32m  OK  [0m] Reached target Timers.
[[0;32m  OK  [0m] Listening on ACPID Listen Socket.
SHA256:/ZdKLzj0LEvAnk4ILuFpjE4s4WchpOeFs/FxyrtOVnY root@ubuntu-xenial
[   14.295021] cloud-init[976]: The key's randomart image is:
[   14.297569] cloud-init[976]: +---[RSA 2048]----+
[   14.303497] cloud-init[976]: |                 |
[[0;32m  OK  [0m] Started ACPI Events Check.
[   14.306703] [[0;32m  OK  [0m] Reached target Paths.
[[0;32m  OK  [0m] Reached target Cloud-config availability.
cloud-init[976]: |                 |
[   14.311392] cloud-init[976]: | .               |
[   14.313449] cloud-init[976]: |o  .   . .       |
[   14.315598] cloud-init[976]: |o.*.+ + E .      |
[   14.317433] cloud-init[976]: |oB.@.B + o..   . |
[   14.319951] cloud-init[976]: |o+OoB . +..+o o  |
[   14.322221] cloud-init[976]: |+.o+ . o .+.++   |
[   14.324451] cloud-init[976]: | . .+.  . .+...  |
[   14.326114] cloud-init[976]: +----[SHA256]-----+
[   14.327781] cloud-init[[0;32m  OK  [0m] Listening on Socket activation for snappy daemon.
[[0;32m  OK  [0m] Listening on LXD - unix socket.
[[0;32m  OK  [0m] Reached target Sockets.
[[0;32m  OK  [0m] Reached target Basic System.
[976]: Generating public/private dsa key pair.
         Starting Login Service...
[   14.335063] cloud-init[976]: Your identification has been saved in /etc/ssh/ssh_host_dsa_key.         Starting LXD - container startup/shutdown...

[   14.343511] cloud-init[976]: Your public key has been saved in /etc/ssh/ssh_host_dsa_key.pub.
[[0;32m  OK  [0m] Started Deferred execution scheduler.
         Starting LSB: Record successful boot for GRUB...
[   14.358218] cloud-init[976]: The key fingerprint is:
[   14.361645] cloud-init[976]: SHA256:ifSX94XuA4L+vgRnXxN0vnohCzNbjGkdY/oCkJMorwY root@ubuntu-xenial
[   14.362847]          Starting Pollinate to seed the pseudo random number generator...
cloud-init[976]: The key's randomart image is:
[   14.370492] cloud-init[976]: +---[DSA 1024]----+
[[0;32m  OK  [0m] Started ACPI event daemon.
[   14.384884] cloud-init[976]: |              . .|
         Starting Accounts Service...
         Starting LSB: MD monitoring daemon...
[   14.388555] cloud-init[976]: |      . o    . o |
[[0;32m  OK  [0m] Started FUSE filesystem for LXC.[   14.399759] cloud-init[976]: |   . ..=     +. .|
[   14.400521] cloud-init[976]: |    o. oo. .B oo.|
[   14.400616] cloud-init[976]: | E   .. So=O.=+o.|
[   14.400709] cloud-init[976]: |  . .   .=+oO++o.|
[   14.400822] cloud-init[976]: |   o   .  .+.=o. |

[   14.406492] cloud-init[976]: |  .     ..  ..o  |
[   14.410439] cloud-init[976]: |         o+.  .. |
[   14.410851] cloud-init[976]: +----[SHA256]-----+
[   14.411323] cloud-init[976]: Generating public/private ecdsa key pair.
[   14.412540] cloud-init[976]: Your identification has been saved in /etc/ssh/ssh_host_ecdsa_key.
[   14.413210] cloud-init[976]: Your public key has been saved in /etc/ssh/ssh_host_ecdsa_key.pub.
[   14.414143] cloud-init[976]: The key fingerprint is:
[   14.414819] cloud-init[976]: SHA256:aD6F9sglY3Qj5az8sl7VJ6ir9267+qyMHTx3UNNE6t0 root@ubuntu-xenial
[   14.415498] cloud-init[976]: The key's randomart image is:
[   14.416570] cloud-init[976]: +---[ECDSA 256]---+
[   14.417451] cloud-init[976]: |        .    .o  |
[   14.418357] cloud-init[976]: |       +     +   |
[   14.419202] cloud-init[976]: |      o =   + .  |
[   14.422405] cloud-init[976]: |     o * . = o . |
[   14.423160] cloud-init[976]: |      @ S + + o E|
[   14.423893] cloud-init[976]: |     * X o . o   |
[   14.425421] cloud-init[976]: |      * O . .    |
[   14.427029] cloud-init[976]: |       O.*..     |
[   14.428459] cloud-init[976]: |     .=o*BBo     |
[   14.428932] cloud-init[976]: +----[SHA256]-----+
[   14.429623] cloud-init[976]: Generating public/private ed25519 key pair.
[   14.429870] cloud-init[976]: Your identification has been saved in /etc/ssh/ssh_host_ed25519_key.
[   14.430558] cloud-init[976]: Your public key has been saved in /etc/ssh/ssh_host_ed25519_key.pub.
[   14.431257] cloud-init[976]: The key fingerprint is:
[   14.431932] cloud-init[976]: SHA256:1XX+lVAEkXaXDab8tRsdv5igqfVxMIl3X7wD12LlXzc root@ubuntu-xenial
[   14.433888] cloud-init[976]: The key's randomart image is:
[   14.434575] cloud-init[976]: +--[ED25519 256]--+
[   14.435230] cloud-init[976]: |             +X++|
[   14.435923] cloud-init[976]: |           o *.=+|
[   14.439228] cloud-init[976]: |          . = .o*|
[   14.440752] cloud-init[976]: |         .. .. =O|
[   14.441185] cloud-init[976]: |        S. * o+E@|
[   14.441905] cloud-init[976]: |          + =.*.@|
[   14.442417] cloud-init[976]: |         + . + *.|
[   14.443133] cloud-init[976]: |        o . o   .|
[   14.443454] cloud-init[976]: |       .   .     |
[   14.444457] cloud-init[976]: +----[SHA256]-----+
         Starting /etc/rc.local Compatibility...
[[0;32m  OK  [0m] Started D-Bus System Message Bus.
         Starting Virtualbox guest utils...
[[0;32m  OK  [0m] Started Regular background program processing daemon.
         Starting System Logging Service...
         Starting Snappy daemon...
[[0;32m  OK  [0m] Started iSCSI initiator daemon (iscsid).
[[0;32m  OK  [0m] Started /etc/rc.local Compatibility.
[[0;32m  OK  [0m] Started System Logging Service.
[[0;32m  OK  [0m] Started LXD - container startup/shutdown.
[[0;32m  OK  [0m] Started Login Service.
[[0;32m  OK  [0m] Started Unattended Upgrades Shutdown.
         Starting Authenticate and Authorize Users to Run Privileged Tasks...
         Starting Login to default iSCSI targets...
[[0;32m  OK  [0m] Started LSB: MD monitoring daemon.
[[0;32m  OK  [0m] Started LSB: Record successful boot for GRUB.
[[0;32m  OK  [0m] Started Login to default iSCSI targets.
[[0;32m  OK  [0m] Reached target Remote File Systems (Pre).
[[0;32m  OK  [0m] Reached target Remote File Systems.
         Starting LSB: automatic crash report generation...
         Starting LSB: daemon to balance interrupts for SMP systems...
         Starting LSB: Set the CPU Frequency Scaling governor to "ondemand"...
         Starting Permit User Sessions...
[[0;32m  OK  [0m] Started Permit User Sessions.
         Starting Hold until boot process finishes up...
         Starting Terminate Plymouth Boot Screen...
[[0;32m  OK  [0m] Started LSB: Set the CPU Frequency Scaling governor to "ondemand".
[[0;32m  OK  [0m] Started Hold until boot process finishes up.
[[0;32m  OK  [0m] Started Terminate Plymouth Boot Screen.
[[0;32m  OK  [0m] Started Authenticate and Authorize Users to Run Privileged Tasks.
         Starting Set console scheme...
[[0;32m  OK  [0m] Started Getty on tty1.
[[0;32m  OK  [0m] Started Serial Getty on ttyS0.
[[0;32m  OK  [0m] Reached target Login Prompts.
[[0;32m  OK  [0m] Started Set console scheme.
[[0;32m  OK  [0m] Started Accounts Service.
[[0;32m  OK  [0m] Started LSB: daemon to balance interrupts for SMP systems.
[[0;32m  OK  [0m] Started LSB: automatic crash report generation.
[[0;32m  OK  [0m] Started Virtualbox guest utils.
[[0;32m  OK  [0m] Started Snappy daemon.
         Starting Wait until snapd is fully seeded...
[[0;32m  OK  [0m] Started Pollinate to seed the pseudo random number generator.
         Starting OpenBSD Secure Shell server...
[[0;32m  OK  [0m] Started OpenBSD Secure Shell server.
[[0;32m  OK  [0m] Created slice User Slice of vagrant.
         Starting User Manager for UID 1000...
[[0;32m  OK  [0m] Started Session 1 of user vagrant.
[[0;32m  OK  [0m] Started User Manager for UID 1000.

Ubuntu 16.04.6 LTS ubuntu-xenial ttyS0

ubuntu-xenial login: [   21.207048] cloud-init[1494]: Generating locales (this might take a while)...
[   23.635750] cloud-init[1494]:   en_US.UTF-8... done
[   23.636181] cloud-init[1494]: Generation complete.
[   24.295762] cloud-init[1494]: Cloud-init v. 19.4-33-gbb4131a2-0ubuntu1~16.04.1 running 'modules:config' at Thu, 25 Jun 2020 06:28:56 +0000. Up 20.95 seconds.
ci-info: no authorized SSH keys fingerprints found for user ubuntu.
<14>Jun 25 06:29:00 ec2: 
<14>Jun 25 06:29:00 ec2: #############################################################
<14>Jun 25 06:29:00 ec2: -----BEGIN SSH HOST KEY FINGERPRINTS-----
<14>Jun 25 06:29:00 ec2: 1024 SHA256:ifSX94XuA4L+vgRnXxN0vnohCzNbjGkdY/oCkJMorwY root@ubuntu-xenial (DSA)
<14>Jun 25 06:29:00 ec2: 256 SHA256:aD6F9sglY3Qj5az8sl7VJ6ir9267+qyMHTx3UNNE6t0 root@ubuntu-xenial (ECDSA)
<14>Jun 25 06:29:00 ec2: 256 SHA256:1XX+lVAEkXaXDab8tRsdv5igqfVxMIl3X7wD12LlXzc root@ubuntu-xenial (ED25519)
<14>Jun 25 06:29:00 ec2: 2048 SHA256:/ZdKLzj0LEvAnk4ILuFpjE4s4WchpOeFs/FxyrtOVnY root@ubuntu-xenial (RSA)
<14>Jun 25 06:29:00 ec2: -----END SSH HOST KEY FINGERPRINTS-----
<14>Jun 25 06:29:00 ec2: #############################################################
-----BEGIN SSH HOST KEY KEYS-----
ecdsa-sha2-nistp256 AAAAE2VjZHNhLXNoYTItbmlzdHAyNTYAAAAIbmlzdHAyNTYAAABBBHlNarpRknnDf7GDp5MR7YhTC7+L7qwPq3/6TQf/Qaq93Lp6orQ44aa7Ddi6eHrORuVo19KAfBMN0KRWVg11/Xk= root@ubuntu-xenial
ssh-ed25519 AAAAC3NzaC1lZDI1NTE5AAAAIEAcHtlRwT/qLobHXDPeBCH492ULTLC3i5n1dN3FwuMi root@ubuntu-xenial
ssh-rsa AAAAB3NzaC1yc2EAAAADAQABAAABAQCYEZi6PnLUcCeW+sUA8mWoBJSg/8JqU7cUvpGbS0yDmVsdhuVDVAfJuhMbdw2ZTvEC6MLr+zfvA4B4M20AD0XDmCvrgzS/h0mRO6Nfa4RHu5OAPuXnO1MiknHb+tNhnlrY3O0vO26FgdAnpi9MEeVL+vO6yM0EME2Rxa16WlGzlGMEXxvedqm62PcYnqLjp4ouugiVJUJKl+LwlCDxgQypUVnLh/d1QAWdMeUqDnb/SZRD+mYyUn3xLpsiqIqzLnOVAf/erFyo7pnCb3qOTPlDmsTL2aNtopEVNyc/siTXbA7zjZBNp4YkG9wJFBeRsBv9ngEdoL3URJVnDKZGpfgd root@ubuntu-xenial
-----END SSH HOST KEY KEYS-----
[   25.435282] cloud-init[1661]: Cloud-init v. 19.4-33-gbb4131a2-0ubuntu1~16.04.1 running 'modules:final' at Thu, 25 Jun 2020 06:29:00 +0000. Up 25.10 seconds.
[   25.439055] cloud-init[1661]: ci-info: no authorized SSH keys fingerprints found for user ubuntu.
[   25.444185] cloud-init[1661]: Cloud-init v. 19.4-33-gbb4131a2-0ubuntu1~16.04.1 finished at Thu, 25 Jun 2020 06:29:00 +0000. Datasource DataSourceNoCloud [seed=/dev/sdb][dsmode=net].  Up 25.41 seconds
[[0;32m  OK  [0m] Stopped Unattended Upgrades Shutdown.
[[0;32m  OK  [0m] Stopped target Timers.
         Stopping Session 4 of user vagrant.
[[0;32m  OK  [0m] Stopped Daily apt upgrade and clean activities.
[[0;32m  OK  [0m] Stopped Daily apt download activities.
[[0;32m  OK  [0m] Stopped target Cloud-init target.
[[0;32m  OK  [0m] Stopped Execute cloud user/final scripts.
[[0;32m  OK  [0m] Stopped Daily Cleanup of Temporary Directories.
         Stopping Session 3 of user vagrant.
[[0;32m  OK  [0m] Stopped Apply the settings specified in cloud-config.
[[0;32m  OK  [0m] Stopped target Cloud-config availability.
[[0;32m  OK  [0m] Stopped target Graphical Interface.
[[0;32m  OK  [0m] Stopped target Multi-User System.
         Stopping D-Bus System Message Bus...
         Stopping Ubuntu FAN network setup...
         Stopping LXD - container startup/shutdown...
         Stopping System Logging Service...
         Stopping Deferred execution scheduler...
[[0;32m  OK  [0m] Stopped Wait until snapd is fully seeded.
         Stopping OpenBSD Secure Shell server...
         Stopping Snappy daemon...
[[0;32m  OK  [0m] Stopped target Login Prompts.
         Stopping Getty on tty1...
         Stopping Serial Getty on ttyS0...
         Stopping Virtualbox guest utils...
         Stopping Docker Application Container Engine...
         Stopping Accounts Service...
         Stopping LSB: Set up cgroupfs mounts....
         Stopping LSB: Set the CPU Frequency Scaling governor to "ondemand"...
         Stopping LSB: Record successful boot for GRUB...
         Stopping LSB: MD monitoring daemon...
         Stopping LSB: automatic crash report generation...
[[0;32m  OK  [0m] Closed Load/Save RF Kill Switch Status /dev/rfkill Watch.
[[0;32m  OK  [0m] Stopped Message of the Day.
[[0;32m  OK  [0m] Stopped target System Time Synchronized.
         Stopping Service for snap applicati...etwork-manager.networkmanager...
         Stopping ACPI event daemon...
         Stopping FUSE filesystem for LXC...
         Stopping Regular background program processing daemon...
         Stopping LSB: daemon to balance interrupts for SMP systems...
         Stopping User Manager for UID 1000...
         Stopping Authenticate and Authorize Users to Run Privileged Tasks...
[[0;32m  OK  [0m] Unmounted /var/lib/lxcfs.
[[0;32m  OK  [0m] Stopped Deferred execution scheduler.
[[0;32m  OK  [0m] Stopped Accounts Service.
[[0;32m  OK  [0m] Stopped Regular background program processing daemon.
[[0;32m  OK  [0m] Stopped System Logging Service.
[[0;32m  OK  [0m] Stopped Authenticate and Authorize Users to Run Privileged Tasks.
[[0;32m  OK  [0m] Stopped ACPI event daemon.
[[0;32m  OK  [0m] Stopped Getty on tty1.
[[0;32m  OK  [0m] Stopped Serial Getty on ttyS0.
[[0;32m  OK  [0m] Stopped OpenBSD Secure Shell server.
[[0;32m  OK  [0m] Stopped User Manager for UID 1000.
[[0;32m  OK  [0m] Stopped Snappy daemon.
[[0;32m  OK  [0m] Stopped Service for snap application network-manager.networkmanager.
[[0;32m  OK  [0m] Stopped Session 3 of user vagrant.
[[0;32m  OK  [0m] Stopped Session 4 of user vagrant.
[[0;32m  OK  [0m] Stopped D-Bus System Message Bus.
[[0;32m  OK  [0m] Stopped Ubuntu FAN network setup.
[[0;32m  OK  [0m] Stopped LSB: Set up cgroupfs mounts..
[[0;32m  OK  [0m] Stopped FUSE filesystem for LXC.
[[0;32m  OK  [0m] Stopped LXD - container startup/shutdown.
[[0;32m  OK  [0m] Stopped LSB: Set the CPU Frequency Scaling governor to "ondemand".
[[0;32m  OK  [0m] Stopped LSB: Record successful boot for GRUB.
[[0;32m  OK  [0m] Removed slice User Slice of vagrant.
         Stopping Login Service...
[[0;32m  OK  [0m] Removed slice system-serial\x2dgetty.slice.
[[0;32m  OK  [0m] Stopped /etc/rc.local Compatibility.
         Stopping Permit User Sessions...
[[0;32m  OK  [0m] Removed slice system-getty.slice.
[[0;32m  OK  [0m] Stopped LSB: MD monitoring daemon.
[[0;32m  OK  [0m] Stopped LSB: automatic crash report generation.
[[0;32m  OK  [0m] Stopped LSB: daemon to balance interrupts for SMP systems.
[[0;32m  OK  [0m] Stopped Permit User Sessions.
[[0;32m  OK  [0m] Stopped target Remote File Systems.
[[0;32m  OK  [0m] Stopped target Remote File Systems (Pre).
         Stopping Login to default iSCSI targets...
[[0;32m  OK  [0m] Stopped Virtualbox guest utils.
[[0;32m  OK  [0m] Stopped Login Service.
[[0;32m  OK  [0m] Stopped target User and Group Name Lookups.
[[0;32m  OK  [0m] Stopped Login to default iSCSI targets.
         Stopping iSCSI initiator daemon (iscsid)...
[[0;32m  OK  [0m] Stopped iSCSI initiator daemon (iscsid).
[[0;32m  OK  [0m] Unmounted /run/docker/netns/892a4d4e1154.
[[0;32m  OK  [0m] Unmounted /var/lib/docker/container...18ea72fa04c5fac2c1cd/mounts/shm.
[[0;32m  OK  [0m] Unmounted /var/lib/docker/overlay2/...942fd8cfb70bc0a861968f13/merged.
[[0;32m  OK  [0m] Unmounted /run/docker/netns/8445ec2e9ab7.
[[0;32m  OK  [0m] Unmounted /var/lib/docker/container...5b63a75e2fc9038c90c0/mounts/shm.
[[0;32m  OK  [0m] Unmounted /var/lib/docker/overlay2/...ad2319b61090f0f0feef280c/merged.
[[0;32m  OK  [0m] Stopped Docker Application Container Engine.
         Stopping containerd container runtime...
[[0;32m  OK  [0m] Stopped target Network is Online.
[[0;32m  OK  [0m] Stopped containerd container runtime.
[[0;32m  OK  [0m] Stopped target Network.
[[0;32m  OK  [0m] Stopped target Basic System.
[[0;32m  OK  [0m] Stopped target Slices.
[[0;32m  OK  [0m] Removed slice User and Session Slice.
[[0;32m  OK  [0m] Stopped target Paths.
[[0;32m  OK  [0m] Stopped Forward Password Requests to Wall Directory Watch.
[[0;32m  OK  [0m] Stopped ACPI Events Check.
[[0;32m  OK  [0m] Stopped Dispatch Password Requests to Console Directory Watch.
[[0;32m  OK  [0m] Stopped target Sockets.
[[0;32m  OK  [0m] Closed UUID daemon activation socket.
[[0;32m  OK  [0m] Closed D-Bus System Message Bus Socket.
[[0;32m  OK  [0m] Closed ACPID Listen Socket.
[[0;32m  OK  [0m] Closed LXD - unix socket.
[[0;32m  OK  [0m] Closed Syslog Socket.
[[0;32m  OK  [0m] Closed Socket activation for snappy daemon.
[[0;32m  OK  [0m] Closed Docker Socket for the API.
[[0;32m  OK  [0m] Stopped target System Initialization.
[[0;32m  OK  [0m] Stopped Create Volatile Files and Directories.
[[0;32m  OK  [0m] Stopped target Swap.
         Stopping Load/Save Random Seed...
[[0;32m  OK  [0m] Stopped target Encrypted Volumes.
[[0;32m  OK  [0m] Stopped Initial cloud-init job (metadata service crawler).
         Stopping Raise network interfaces...
[[0;32m  OK  [0m] Stopped Commit a transient machine-id on disk.
[[0;32m  OK  [0m] Stopped Load/Save Random Seed.
[[0;32m  OK  [0m] Stopped Raise network interfaces.
[[0;32m  OK  [0m] Stopped target Local File Systems.
         Unmounting /run/snapd/ns/network-manager.mnt...
         Unmounting Mount unit for core, revision 9289...
         Unmounting /run/user/1000...
         Unmounting /vagrant...
         Unmounting Mount unit for network-manager, revision 554...
[[0;32m  OK  [0m] Stopped Apply Kernel Variables.
[[0;32m  OK  [0m] Stopped target Network (Pre).
[[0;32m  OK  [0m] Stopped Initial cloud-init job (pre-networking).
[[0;32m  OK  [0m] Stopped Load Kernel Modules.
[[0;32m  OK  [0m] Unmounted Mount unit for core, revision 9289.
[[0;32m  OK  [0m] Unmounted /vagrant.
[[0;32m  OK  [0m] Unmounted /run/user/1000.
[[0;32m  OK  [0m] Unmounted Mount unit for network-manager, revision 554.
[[0;32m  OK  [0m] Unmounted /run/snapd/ns/network-manager.mnt.
         Unmounting /run/snapd/ns...
[[0;32m  OK  [0m] Unmounted /run/snapd/ns.
[[0;32m  OK  [0m] Reached target Unmount All Filesystems.
[[0;32m  OK  [0m] Stopped target Local File Systems (Pre).
[[0;32m  OK  [0m] Stopped Create Static Device Nodes in /dev.
[[0;32m  OK  [0m] Stopped Remount Root and Kernel File Systems.
[[0;32m  OK  [0m] Reached target Shutdown.
[ 2209.442339] reboot: Restarting system
[    0.000000] Initializing cgroup subsys cpuset
[    0.000000] Initializing cgroup subsys cpu
[    0.000000] Initializing cgroup subsys cpuacct
[    0.000000] Linux version 4.4.0-184-generic (buildd@lgw01-amd64-060) (gcc version 5.4.0 20160609 (Ubuntu 5.4.0-6ubuntu1~16.04.12) ) #214-Ubuntu SMP Thu Jun 4 10:14:11 UTC 2020 (Ubuntu 4.4.0-184.214-generic 4.4.223)
[    0.000000] Command line: BOOT_IMAGE=/boot/vmlinuz-4.4.0-184-generic root=LABEL=cloudimg-rootfs ro console=tty1 console=ttyS0
[    0.000000] KERNEL supported cpus:
[    0.000000]   Intel GenuineIntel
[    0.000000]   AMD AuthenticAMD
[    0.000000]   Centaur CentaurHauls
[    0.000000] x86/fpu: xstate_offset[2]:  576, xstate_sizes[2]:  256
[    0.000000] x86/fpu: Supporting XSAVE feature 0x01: 'x87 floating point registers'
[    0.000000] x86/fpu: Supporting XSAVE feature 0x02: 'SSE registers'
[    0.000000] x86/fpu: Supporting XSAVE feature 0x04: 'AVX registers'
[    0.000000] x86/fpu: Enabled xstate features 0x7, context size is 832 bytes, using 'standard' format.
[    0.000000] e820: BIOS-provided physical RAM map:
[    0.000000] BIOS-e820: [mem 0x0000000000000000-0x000000000009fbff] usable
[    0.000000] BIOS-e820: [mem 0x000000000009fc00-0x000000000009ffff] reserved
[    0.000000] BIOS-e820: [mem 0x00000000000f0000-0x00000000000fffff] reserved
[    0.000000] BIOS-e820: [mem 0x0000000000100000-0x000000003ffeffff] usable
[    0.000000] BIOS-e820: [mem 0x000000003fff0000-0x000000003fffffff] ACPI data
[    0.000000] BIOS-e820: [mem 0x00000000fec00000-0x00000000fec00fff] reserved
[    0.000000] BIOS-e820: [mem 0x00000000fee00000-0x00000000fee00fff] reserved
[    0.000000] BIOS-e820: [mem 0x00000000fffc0000-0x00000000ffffffff] reserved
[    0.000000] NX (Execute Disable) protection: active
[    0.000000] SMBIOS 2.5 present.
[    0.000000] Hypervisor detected: KVM
[    0.000000] e820: last_pfn = 0x3fff0 max_arch_pfn = 0x400000000
[    0.000000] MTRR: Disabled
[    0.000000] x86/PAT: MTRRs disabled, skipping PAT initialization too.
[    0.000000] CPU MTRRs all blank - virtualized system.
[    0.000000] x86/PAT: Configuration [0-7]: WB  WT  UC- UC  WB  WT  UC- UC  
[    0.000000] Scanning 1 areas for low memory corruption
[    0.000000] RAMDISK: [mem 0x362dc000-0x37165fff]
[    0.000000] ACPI: Early table checksum verification disabled
[    0.000000] ACPI: RSDP 0x00000000000E0000 000024 (v02 VBOX  )
[    0.000000] ACPI: XSDT 0x000000003FFF0030 00003C (v01 VBOX   VBOXXSDT 00000001 ASL  00000061)
[    0.000000] ACPI: FACP 0x000000003FFF00F0 0000F4 (v04 VBOX   VBOXFACP 00000001 ASL  00000061)
[    0.000000] ACPI: DSDT 0x000000003FFF0470 0022EA (v02 VBOX   VBOXBIOS 00000002 INTL 20100528)
[    0.000000] ACPI: FACS 0x000000003FFF0200 000040
[    0.000000] ACPI: FACS 0x000000003FFF0200 000040
[    0.000000] ACPI: APIC 0x000000003FFF0240 00005C (v02 VBOX   VBOXAPIC 00000001 ASL  00000061)
[    0.000000] ACPI: SSDT 0x000000003FFF02A0 0001CC (v01 VBOX   VBOXCPUT 00000002 INTL 20100528)
[    0.000000] No NUMA configuration found
[    0.000000] Faking a node at [mem 0x0000000000000000-0x000000003ffeffff]
[    0.000000] NODE_DATA(0) allocated [mem 0x3ffeb000-0x3ffeffff]
[    0.000000] kvm-clock: Using msrs 4b564d01 and 4b564d00
[    0.000000] kvm-clock: cpu 0, msr 0:3ffe3001, primary cpu clock
[    0.000000] kvm-clock: using sched offset of 2219262248892 cycles
[    0.000000] clocksource: kvm-clock: mask: 0xffffffffffffffff max_cycles: 0x1cd42e4dffb, max_idle_ns: 881590591483 ns
[    0.000000] Zone ranges:
[    0.000000]   DMA      [mem 0x0000000000001000-0x0000000000ffffff]
[    0.000000]   DMA32    [mem 0x0000000001000000-0x000000003ffeffff]
[    0.000000]   Normal   empty
[    0.000000]   Device   empty
[    0.000000] Movable zone start for each node
[    0.000000] Early memory node ranges
[    0.000000]   node   0: [mem 0x0000000000001000-0x000000000009efff]
[    0.000000]   node   0: [mem 0x0000000000100000-0x000000003ffeffff]
[    0.000000] Initmem setup node 0 [mem 0x0000000000001000-0x000000003ffeffff]
[    0.000000] ACPI: PM-Timer IO Port: 0x4008
[    0.000000] IOAPIC[0]: apic_id 2, version 32, address 0xfec00000, GSI 0-23
[    0.000000] ACPI: INT_SRC_OVR (bus 0 bus_irq 0 global_irq 2 dfl dfl)
[    0.000000] ACPI: INT_SRC_OVR (bus 0 bus_irq 9 global_irq 9 low level)
[    0.000000] Using ACPI (MADT) for SMP configuration information
[    0.000000] smpboot: Allowing 2 CPUs, 0 hotplug CPUs
[    0.000000] PM: Registered nosave memory: [mem 0x00000000-0x00000fff]
[    0.000000] PM: Registered nosave memory: [mem 0x0009f000-0x0009ffff]
[    0.000000] PM: Registered nosave memory: [mem 0x000a0000-0x000effff]
[    0.000000] PM: Registered nosave memory: [mem 0x000f0000-0x000fffff]
[    0.000000] e820: [mem 0x40000000-0xfebfffff] available for PCI devices
[    0.000000] Booting paravirtualized kernel on KVM
[    0.000000] clocksource: refined-jiffies: mask: 0xffffffff max_cycles: 0xffffffff, max_idle_ns: 7645519600211568 ns
[    0.000000] setup_percpu: NR_CPUS:512 nr_cpumask_bits:512 nr_cpu_ids:2 nr_node_ids:1
[    0.000000] PERCPU: Embedded 33 pages/cpu @ffff88003fc00000 s95448 r8192 d31528 u1048576
[    0.000000] Built 1 zonelists in Node order, mobility grouping on.  Total pages: 257912
[    0.000000] Policy zone: DMA32
[    0.000000] Kernel command line: BOOT_IMAGE=/boot/vmlinuz-4.4.0-184-generic root=LABEL=cloudimg-rootfs ro console=tty1 console=ttyS0
[    0.000000] PID hash table entries: 4096 (order: 3, 32768 bytes)
[    0.000000] Memory: 997660K/1048120K available (8632K kernel code, 1336K rwdata, 4036K rodata, 1492K init, 1292K bss, 50460K reserved, 0K cma-reserved)
[    0.000000] SLUB: HWalign=64, Order=0-3, MinObjects=0, CPUs=2, Nodes=1
[    0.000000] Kernel/User page tables isolation: enabled
[    0.000000] Hierarchical RCU implementation.
[    0.000000] 	Build-time adjustment of leaf fanout to 64.
[    0.000000] 	RCU restricting CPUs from NR_CPUS=512 to nr_cpu_ids=2.
[    0.000000] RCU: Adjusting geometry for rcu_fanout_leaf=64, nr_cpu_ids=2
[    0.000000] NR_IRQS:33024 nr_irqs:440 16
[    0.000000] Console: colour VGA+ 80x25
[    0.000000] console [tty1] enabled
[    0.000000] console [ttyS0] enabled
[    0.000000] tsc: Detected 3201.938 MHz processor
[    0.330570] Calibrating delay loop (skipped) preset value.. 6403.87 BogoMIPS (lpj=12807752)
[    0.334660] pid_max: default: 32768 minimum: 301
[    0.336575] ACPI: Core revision 20150930
[    0.342149] ACPI: 2 ACPI AML tables successfully acquired and loaded
[    0.347849] Security Framework initialized
[    0.349670] Yama: becoming mindful.
[    0.351519] AppArmor: AppArmor initialized
[    0.353566] Dentry cache hash table entries: 131072 (order: 8, 1048576 bytes)
[    0.357483] Inode-cache hash table entries: 65536 (order: 7, 524288 bytes)
[    0.360353] Mount-cache hash table entries: 2048 (order: 2, 16384 bytes)
[    0.363133] Mountpoint-cache hash table entries: 2048 (order: 2, 16384 bytes)
[    0.366091] Initializing cgroup subsys io
[    0.370862] Initializing cgroup subsys memory
[    0.372673] Initializing cgroup subsys devices
[    0.374426] Initializing cgroup subsys freezer
[    0.376187] Initializing cgroup subsys net_cls
[    0.378033] Initializing cgroup subsys perf_event
[    0.379936] Initializing cgroup subsys net_prio
[    0.381842] Initializing cgroup subsys hugetlb
[    0.383776] Initializing cgroup subsys pids
[    0.385728] mce: CPU supports 0 MCE banks
[    0.387406] Last level iTLB entries: 4KB 512, 2MB 8, 4MB 8
[    0.389486] Last level dTLB entries: 4KB 512, 2MB 32, 4MB 32, 1GB 0
[    0.391711] Spectre V1 : Mitigation: usercopy/swapgs barriers and __user pointer sanitization
[    0.397569] Spectre V2 : Mitigation: Full generic retpoline
[    0.399686] Spectre V2 : Spectre v2 / SpectreRSB mitigation: Filling RSB on context switch
[    0.403031] Speculative Store Bypass: Vulnerable
[    0.405087] MDS: Vulnerable: Clear CPU buffers attempted, no microcode
[    0.412908] Freeing SMP alternatives memory: 36K
[    0.426545] ftrace: allocating 32319 entries in 127 pages
[    0.547001] smpboot: APIC(0) Converting physical 0 to logical package 0
[    0.549552] smpboot: Max logical packages: 1
[    0.552733] x2apic enabled
[    0.558196] Switched APIC routing to physical x2apic.
[    0.563005] ..TIMER: vector=0x30 apic1=0 pin1=2 apic2=-1 pin2=-1
[    0.673521] smpboot: CPU0: Intel(R) Core(TM) i7-3930K CPU @ 3.20GHz (family: 0x6, model: 0x2d, stepping: 0x7)
[    0.678210] Performance Events: unsupported p6 CPU model 45 no PMU driver, software events only.
[    0.700484] KVM setup paravirtual spinlock
[    0.703130] x86: Booting SMP configuration:
[    0.704949] .... node  #0, CPUs:      #1
[    0.709315] kvm-clock: cpu 1, msr 0:3ffe3041, secondary cpu clock
[    0.710694] mce: CPU supports 0 MCE banks
[    0.713748] x86: Booted up 1 node, 2 CPUs
[    0.716324] smpboot: Total of 2 processors activated (12807.75 BogoMIPS)
[    0.719502] devtmpfs: initialized
[    0.735099] evm: security.selinux
[    0.736634] evm: security.SMACK64
[    0.738137] evm: security.SMACK64EXEC
[    0.739771] evm: security.SMACK64TRANSMUTE
[    0.741427] evm: security.SMACK64MMAP
[    0.742967] evm: security.ima
[    0.744334] evm: security.capability
[    0.746328] clocksource: jiffies: mask: 0xffffffff max_cycles: 0xffffffff, max_idle_ns: 7645041785100000 ns
[    0.750479] futex hash table entries: 512 (order: 3, 32768 bytes)
[    0.756122] pinctrl core: initialized pinctrl subsystem
[    0.758512] RTC time:  7:05:29, date: 06/25/20
[    0.760553] NET: Registered protocol family 16
[    0.773215] cpuidle: using governor ladder
[    0.785205] cpuidle: using governor menu
[    0.786863] PCCT header not found.
[    0.788632] ACPI: bus type PCI registered
[    0.790386] acpiphp: ACPI Hot Plug PCI Controller Driver version: 0.5
[    0.792842] PCI: Using configuration type 1 for base access
[    0.814310] ACPI: Added _OSI(Module Device)
[    0.816081] ACPI: Added _OSI(Processor Device)
[    0.817914] ACPI: Added _OSI(3.0 _SCP Extensions)
[    0.819755] ACPI: Added _OSI(Processor Aggregator Device)
[    0.823311] ACPI: Executed 1 blocks of module-level executable AML code
[    0.834284] ACPI: Interpreter enabled
[    0.835944] ACPI: (supports S0 S5)
[    0.837460] ACPI: Using IOAPIC for interrupt routing
[    0.839897] PCI: Using host bridge windows from ACPI; if necessary, use "pci=nocrs" and report a bug
[    0.857630] ACPI: PCI Root Bridge [PCI0] (domain 0000 [bus 00-ff])
[    0.859889] acpi PNP0A03:00: _OSC: OS supports [ASPM ClockPM Segments MSI]
[    0.863161] acpi PNP0A03:00: _OSC: not requesting OS control; OS requires [ExtendedConfig ASPM ClockPM MSI]
[    0.867264] acpi PNP0A03:00: fail to add MMCONFIG information, can't access extended PCI configuration space under this bridge.
[    0.872000] PCI host bridge to bus 0000:00
[    0.876478] pci_bus 0000:00: root bus resource [io  0x0000-0x0cf7 window]
[    0.878939] pci_bus 0000:00: root bus resource [io  0x0d00-0xffff window]
[    0.881313] pci_bus 0000:00: root bus resource [mem 0x000a0000-0x000bffff window]
[    0.884518] pci_bus 0000:00: root bus resource [mem 0x40000000-0xfdffffff window]
[    0.887634] pci_bus 0000:00: root bus resource [bus 00-ff]
[    0.892781] pci 0000:00:01.1: legacy IDE quirk: reg 0x10: [io  0x01f0-0x01f7]
[    0.895324] pci 0000:00:01.1: legacy IDE quirk: reg 0x14: [io  0x03f6]
[    0.900575] pci 0000:00:01.1: legacy IDE quirk: reg 0x18: [io  0x0170-0x0177]
[    0.903157] pci 0000:00:01.1: legacy IDE quirk: reg 0x1c: [io  0x0376]
[    0.922980] pci 0000:00:07.0: quirk: [io  0x4000-0x403f] claimed by PIIX4 ACPI
[    0.959073] pci 0000:00:07.0: quirk: [io  0x4100-0x410f] claimed by PIIX4 SMB
[    0.976932] ACPI: PCI Interrupt Link [LNKA] (IRQs 5 9 10 *11)
[    0.980464] ACPI: PCI Interrupt Link [LNKB] (IRQs 5 9 *10 11)
[    0.983544] ACPI: PCI Interrupt Link [LNKC] (IRQs 5 *9 10 11)
[    0.986540] ACPI: PCI Interrupt Link [LNKD] (IRQs 5 9 10 *11)
[    0.992406] ACPI: Enabled 2 GPEs in block 00 to 07
[    0.994948] vgaarb: setting as boot device: PCI:0000:00:02.0
[    0.997054] vgaarb: device added: PCI:0000:00:02.0,decodes=io+mem,owns=io+mem,locks=none
[    1.000345] vgaarb: loaded
[    1.001718] vgaarb: bridge control possible 0000:00:02.0
[    1.004166] SCSI subsystem initialized
[    1.006011] ACPI: bus type USB registered
[    1.007726] usbcore: registered new interface driver usbfs
[    1.009842] usbcore: registered new interface driver hub
[    1.011972] usbcore: registered new device driver usb
[    1.017108] PCI: Using ACPI for IRQ routing
[    1.019366] NetLabel: Initializing
[    1.020911] NetLabel:  domain hash size = 128
[    1.022695] NetLabel:  protocols = UNLABELED CIPSOv4
[    1.024661] NetLabel:  unlabeled traffic allowed by default
[    1.027040] amd_nb: Cannot enumerate AMD northbridges
[    1.029183] clocksource: Switched to clocksource kvm-clock
[    1.052487] AppArmor: AppArmor Filesystem Enabled
[    1.054611] pnp: PnP ACPI init
[    1.057744] pnp: PnP ACPI: found 3 devices
[    1.074896] clocksource: acpi_pm: mask: 0xffffff max_cycles: 0xffffff, max_idle_ns: 2085701024 ns
[    1.078723] NET: Registered protocol family 2
[    1.080997] TCP established hash table entries: 8192 (order: 4, 65536 bytes)
[    1.083743] TCP bind hash table entries: 8192 (order: 5, 131072 bytes)
[    1.086165] TCP: Hash tables configured (established 8192 bind 8192)
[    1.088575] UDP hash table entries: 512 (order: 2, 16384 bytes)
[    1.090914] UDP-Lite hash table entries: 512 (order: 2, 16384 bytes)
[    1.093362] NET: Registered protocol family 1
[    1.097824] pci 0000:00:00.0: Limiting direct PCI/PCI transfers
[    1.100291] pci 0000:00:01.0: Activating ISA DMA hang workarounds
[    1.102920] Unpacking initramfs...
[    1.546527] Freeing initrd memory: 14888K
[    1.548733] RAPL PMU detected, API unit is 2^-32 Joules, 3 fixed counters 10737418240 ms ovfl timer
[    1.554436] hw unit of domain pp0-core 2^-0 Joules
[    1.556386] hw unit of domain package 2^-0 Joules
[    1.558358] hw unit of domain dram 2^-0 Joules
[    1.560254] clocksource: tsc: mask: 0xffffffffffffffff max_cycles: 0x2e2770c9a07, max_idle_ns: 440795333267 ns
[    1.564724] platform rtc_cmos: registered platform RTC device (no PNP device found)
[    1.568423] Scanning for low memory corruption every 60 seconds
[    1.571328] audit: initializing netlink subsys (disabled)
[    1.577164] audit: type=2000 audit(1593070952.935:1): initialized
[    1.580154] Initialise system trusted keyring
[    1.582783] HugeTLB registered 2 MB page size, pre-allocated 0 pages
[    1.589556] zbud: loaded
[    1.591790] VFS: Disk quotas dquot_6.6.0
[    1.593803] VFS: Dquot-cache hash table entries: 512 (order 0, 4096 bytes)
[    1.597426] squashfs: version 4.0 (2009/01/31) Phillip Lougher
[    1.603905] fuse init (API version 7.23)
[    1.606271] Key type big_key registered
[    1.607951] Allocating IMA MOK and blacklist keyrings.
[    1.611503] Key type asymmetric registered
[    1.614103] Asymmetric key parser 'x509' registered
[    1.616387] Block layer SCSI generic (bsg) driver version 0.4 loaded (major 249)
[    1.619668] io scheduler noop registered
[    1.624797] io scheduler deadline registered (default)
[    1.626924] io scheduler cfq registered
[    1.629135] pci_hotplug: PCI Hot Plug PCI Core version: 0.5
[    1.631608] pciehp: PCI Express Hot Plug Controller Driver version: 0.4
[    1.634365] ACPI: AC Adapter [AC] (on-line)
[    1.636167] input: Power Button as /devices/LNXSYSTM:00/LNXPWRBN:00/input/input0
[    1.639365] ACPI: Power Button [PWRF]
[    1.641131] input: Sleep Button as /devices/LNXSYSTM:00/LNXSLPBN:00/input/input1
[    1.644290] ACPI: Sleep Button [SLPF]
[    1.649732] GHES: HEST is not enabled!
[    1.651615] Serial: 8250/16550 driver, 32 ports, IRQ sharing enabled
[    1.675484] 00:02: ttyS0 at I/O 0x3f8 (irq = 4, base_baud = 115200) is a 16550A
[    1.682642] Linux agpgart interface v0.103
[    1.687455] loop: module loaded
[    1.690152] scsi host0: ata_piix
[    1.691913] scsi host1: ata_piix
[    1.697202] ata1: PATA max UDMA/33 cmd 0x1f0 ctl 0x3f6 bmdma 0xd000 irq 14
[    1.700000] ata2: PATA max UDMA/33 cmd 0x170 ctl 0x376 bmdma 0xd008 irq 15
[    1.702741] libphy: Fixed MDIO Bus: probed
[    1.704593] tun: Universal TUN/TAP device driver, 1.6
[    1.707044] tun: (C) 1999-2004 Max Krasnyansky <maxk@qualcomm.com>
[    1.709535] PPP generic driver version 2.4.2
[    1.711579] ehci_hcd: USB 2.0 'Enhanced' Host Controller (EHCI) Driver
[    1.714066] ehci-pci: EHCI PCI platform driver
[    1.715857] ehci-platform: EHCI generic platform driver
[    1.720882] ohci_hcd: USB 1.1 'Open' Host Controller (OHCI) Driver
[    1.723161] ohci-pci: OHCI PCI platform driver
[    1.725117] ohci-platform: OHCI generic platform driver
[    1.727212] uhci_hcd: USB Universal Host Controller Interface driver
[    1.729759] i8042: PNP: PS/2 Controller [PNP0303:PS2K,PNP0f03:PS2M] at 0x60,0x64 irq 1,12
[    1.734196] serio: i8042 KBD port at 0x60,0x64 irq 1
[    1.736141] serio: i8042 AUX port at 0x60,0x64 irq 12
[    1.738462] mousedev: PS/2 mouse device common for all mice
[    1.741061] input: AT Translated Set 2 keyboard as /devices/platform/i8042/serio0/input/input2
[    1.745840] rtc_cmos rtc_cmos: rtc core: registered rtc_cmos as rtc0
[    1.745996] rtc_cmos rtc_cmos: alarms up to one day, 114 bytes nvram
[    1.746012] i2c /dev entries driver
[    1.746133] device-mapper: uevent: version 1.0.3
[    1.746260] device-mapper: ioctl: 4.34.0-ioctl (2015-10-28) initialised: dm-devel@redhat.com
[    1.746303] ledtrig-cpu: registered to indicate activity on CPUs
[    1.750163] NET: Registered protocol family 10
[    1.750451] NET: Registered protocol family 17
[    1.750484] Key type dns_resolver registered
[    1.750950] registered taskstats version 1
[    1.750992] Loading compiled-in X.509 certificates
[    1.751875] Loaded X.509 cert 'Build time autogenerated kernel key: b6ae09eed57f82583ccd3c65c463e852cdd7a0b5'
[    1.751899] zswap: loaded using pool lzo/zbud
[    1.754561] Key type trusted registered
[    1.759612] Key type encrypted registered
[    1.759621] AppArmor: AppArmor sha1 policy hashing enabled
[    1.759625] ima: No TPM chip found, activating TPM-bypass!
[    1.759631] ima: Allocated hash algorithm: sha1
[    1.759651] evm: HMAC attrs: 0x1
[    1.760124]   Magic number: 8:133:67
[    1.761547] rtc_cmos rtc_cmos: setting system clock to 2020-06-25 07:05:30 UTC (1593068730)
[    1.761693] BIOS EDD facility v0.16 2004-Jun-25, 0 devices found
[    1.761694] EDD information not available.
[    1.861689] Freeing unused kernel memory: 1492K
[    1.863646] Write protecting the kernel read-only data: 14336k
[    1.866893] Freeing unused kernel memory: 1596K
[    1.869425] Freeing unused kernel memory: 60K
Loading, please wait...
starting version 229
[    1.895592] random: systemd-udevd: uninitialized urandom read (16 bytes read, 3 bits of entropy available)
[    1.897253] random: udevadm: uninitialized urandom read (16 bytes read, 3 bits of entropy available)
[    1.897295] random: udevadm: uninitialized urandom read (16 bytes read, 3 bits of entropy available)
[    1.911421] random: systemd-udevd: uninitialized urandom read (16 bytes read, 3 bits of entropy available)
[    1.915995] random: systemd-udevd: uninitialized urandom read (16 bytes read, 3 bits of entropy available)
[    1.918493] random: udevadm: uninitialized urandom read (16 bytes read, 3 bits of entropy available)
[    1.918571] random: udevadm: uninitialized urandom read (16 bytes read, 3 bits of entropy available)
[    1.918863] random: udevadm: uninitialized urandom read (16 bytes read, 3 bits of entropy available)
[    1.918967] random: udevadm: uninitialized urandom read (16 bytes read, 3 bits of entropy available)
[    1.919068] random: udevadm: uninitialized urandom read (16 bytes read, 3 bits of entropy available)
[    2.005533] e1000: Intel(R) PRO/1000 Network Driver - version 7.3.21-k8-NAPI
[    2.008104] e1000: Copyright (c) 1999-2006 Intel Corporation.
[    2.010483] Fusion MPT base driver 3.04.20
[    2.012201] Copyright (c) 1999-2008 LSI Corporation
[    2.033867] Fusion MPT SPI Host driver 3.04.20
[    2.076550] AVX version of gcm_enc/dec engaged.
[    2.078543] AES CTR mode by8 optimization enabled
[    2.254617] input: ImExPS/2 Generic Explorer Mouse as /devices/platform/i8042/serio1/input/input4
[    2.600259] e1000 0000:00:03.0 eth0: (PCI:33MHz:32-bit) 02:fd:3e:94:53:22
[    2.602724] e1000 0000:00:03.0 eth0: Intel(R) PRO/1000 Network Connection
[    3.387308] e1000 0000:00:08.0 eth1: (PCI:33MHz:32-bit) 08:00:27:bd:1d:85
[    3.389760] e1000 0000:00:08.0 eth1: Intel(R) PRO/1000 Network Connection
[    3.396963] e1000 0000:00:08.0 enp0s8: renamed from eth1
[    3.397046] mptbase: ioc0: Initiating bringup
[    3.421680] e1000 0000:00:03.0 enp0s3: renamed from eth0
[    3.469755] ioc0: LSI53C1030 A0: Capabilities={Initiator}
[    3.631759] scsi host2: ioc0: LSI53C1030 A0, FwRev=00000000h, Ports=1, MaxQ=256, IRQ=20
[    3.745740] scsi 2:0:0:0: Direct-Access     VBOX     HARDDISK         1.0  PQ: 0 ANSI: 5
[    3.749247] scsi target2:0:0: Beginning Domain Validation
[    3.752914] scsi target2:0:0: Domain Validation skipping write tests
[    3.756570] scsi target2:0:0: Ending Domain Validation
[    3.759073] scsi target2:0:0: asynchronous
[    3.761640] scsi 2:0:1:0: Direct-Access     VBOX     HARDDISK         1.0  PQ: 0 ANSI: 5
[    3.794179] scsi target2:0:1: Beginning Domain Validation
[    3.797740] scsi target2:0:1: Domain Validation skipping write tests
[    3.800554] scsi target2:0:1: Ending Domain Validation
[    3.803109] scsi target2:0:1: asynchronous
[    3.817102] sd 2:0:0:0: [sda] 20971520 512-byte logical blocks: (10.7 GB/10.0 GiB)
[    3.820708] sd 2:0:0:0: [sda] Write Protect is off
[    3.820738] sd 2:0:0:0: Attached scsi generic sg0 type 0
[    3.824947] sd 2:0:0:0: [sda] Incomplete mode parameter data
[    3.827217] sd 2:0:0:0: [sda] Assuming drive cache: write through
[    3.827507] sd 2:0:1:0: [sdb] 20480 512-byte logical blocks: (10.5 MB/10.0 MiB)
[    3.827532] sd 2:0:1:0: Attached scsi generic sg1 type 0
[    3.827894] sd 2:0:1:0: [sdb] Write Protect is off
[    3.828044] sd 2:0:1:0: [sdb] Incomplete mode parameter data
[    3.828047] sd 2:0:1:0: [sdb] Assuming drive cache: write through
[    3.832455] sd 2:0:1:0: [sdb] Attached SCSI disk
[    3.848639]  sda: sda1
[    3.850873] sd 2:0:0:0: [sda] Attached SCSI disk
Begin: Loading essential drivers ... [    5.869156] md: linear personality registered for level -1
[    5.874794] md: multipath personality registered for level -4
[    5.880602] md: raid0 personality registered for level 0
[    5.891911] md: raid1 personality registered for level 1
[    5.965723] raid6: sse2x1   gen()  2458 MB/s
[    6.033579] raid6: sse2x1   xor()  1499 MB/s
[    6.101419] raid6: sse2x2   gen()  4186 MB/s
[    6.169253] raid6: sse2x2   xor()  2880 MB/s
[    6.237587] raid6: sse2x4   gen()  7207 MB/s
[    6.305450] raid6: sse2x4   xor()  3837 MB/s
[    6.307304] raid6: using algorithm sse2x4 gen() 7207 MB/s
[    6.309330] raid6: .... xor() 3837 MB/s, rmw enabled
[    6.311266] raid6: using ssse3x2 recovery algorithm
[    6.318671] xor: automatically using best checksumming function:
[    6.357408]    avx       : 16055.000 MB/sec
[    6.361048] async_tx: api initialized (async)
[    6.383632] md: raid6 personality registered for level 6
[    6.385710] md: raid5 personality registered for level 5
[    6.391148] md: raid4 personality registered for level 4
[    6.403980] md: raid10 personality registered for level 10
done.
Begin: Running /scripts/init-premount ... done.
Begin: Mounting root file system ... Begin: Running /scripts/local-top ... done.
Begin: Running /scripts/local-premount ... [    6.474485] Btrfs loaded
Scanning for Btrfs filesystems
done.
Warning: fsck not present, so skipping root file system
[    6.521019] EXT4-fs (sda1): mounted filesystem with ordered data mode. Opts: (null)
done.
Begin: Running /scripts/local-bottom ... done.
Begin: Running /scripts/init-bottom ... done.
[    6.677611] systemd[1]: systemd 229 running in system mode. (+PAM +AUDIT +SELINUX +IMA +APPARMOR +SMACK +SYSVINIT +UTMP +LIBCRYPTSETUP +GCRYPT +GNUTLS +ACL +XZ -LZ4 +SECCOMP +BLKID +ELFUTILS +KMOD -IDN)
[    6.685421] systemd[1]: Detected virtualization oracle.
[    6.687499] systemd[1]: Detected architecture x86-64.

Welcome to [1mUbuntu 16.04.6 LTS[0m!

[    6.693230] systemd[1]: Set hostname to <ubuntu-xenial>.
[    6.915175] systemd[1]: [/etc/systemd/system/snap-network\x2dmanager-554.mount:10] Unknown lvalue 'LazyUnmount' in section 'Mount'
[    6.921218] systemd[1]: [/etc/systemd/system/snap-core-9289.mount:10] Unknown lvalue 'LazyUnmount' in section 'Mount'
[    6.937781] systemd[1]: Listening on udev Kernel Socket.
[[0;32m  OK  [0m] Listening on udev Kernel Socket.
[    6.941594] systemd[1]: Started Trigger resolvconf update for networkd DNS.
[[0;32m  OK  [0m] Started Trigger resolvconf update for networkd DNS.
[    6.945921] systemd[1]: Listening on LVM2 metadata daemon socket.
[[0;32m  OK  [0m] Listening on LVM2 metadata daemon socket.
[    6.951038] systemd[1]: Listening on Journal Audit Socket.
[[0;32m  OK  [0m] Listening on Journal Audit Socket.
[    6.954750] systemd[1]: Listening on LVM2 poll daemon socket.
[[0;32m  OK  [0m] Listening on LVM2 poll daemon socket.
[    6.958530] systemd[1]: Listening on Device-mapper event daemon FIFOs.
[[0;32m  OK  [0m] Listening on Device-mapper event daemon FIFOs.
[    6.963557] systemd[1]: Listening on /dev/initctl Compatibility Named Pipe.
[[0;32m  OK  [0m] Listening on /dev/initctl Compatibility Named Pipe.
[    6.968219] systemd[1]: Listening on Journal Socket (/dev/log).
[[0;32m  OK  [0m] Listening on Journal Socket (/dev/log).
[    6.972588] systemd[1]: Created slice System Slice.
[[0;32m  OK  [0m] Created slice System Slice.
[    6.976552] systemd[1]: Created slice system-serial\x2dgetty.slice.
[[0;32m  OK  [0m] Created slice system-serial\x2dgetty.slice.
[    6.980760] systemd[1]: Reached target Swap.
[[0;32m  OK  [0m] Reached target Swap.
[    6.984581] systemd[1]: Created slice User and Session Slice.
[[0;32m  OK  [0m] Created slice User and Session Slice.
[    6.988372] systemd[1]: Reached target Slices.
[[0;32m  OK  [0m] Reached target Slices.
[    7.233363] systemd[1]: Started Forward Password Requests to Wall Directory Watch.
[[0;32m  OK  [0m] Started Forward Password Requests to Wall Directory Watch.
[    7.240942] systemd[1]: Reached target Encrypted Volumes.
[[0;32m  OK  [0m] Reached target Encrypted Volumes.
[    7.244578] systemd[1]: Reached target User and Group Name Lookups.
[[0;32m  OK  [0m] Reached target User and Group Name Lookups.
[    7.248744] systemd[1]: Listening on Syslog Socket.
[[0;32m  OK  [0m] Listening on Syslog Socket.
[    7.252930] systemd[1]: Set up automount Arbitrary Executable File Formats File System Automount Point.
[[0;32m  OK  [0m] Set up automount Arbitrary Executab...ats File System Automount Point.
[    7.259017] systemd[1]: Listening on udev Control Socket.
[[0;32m  OK  [0m] Listening on udev Control Socket.
[    7.263361] systemd[1]: Listening on Journal Socket.
[[0;32m  OK  [0m] Listening on Journal Socket.
[    7.285559] systemd[1]: Starting Journal Service...
         Starting Journal Service...
[    7.290142] systemd[1]: Mounting POSIX Message Queue File System...
         Mounting POSIX Message Queue File System...
[    7.299085] systemd[1]: Starting Remount Root and Kernel File Systems...
         Starting Remount Root and Kernel File Systems...
[    7.304515] systemd[1]: Starting Set console keymap...
         Starting Set console keymap...
[    7.309445] systemd[1]: Starting Nameserver information manager...
         Starting Nameserver information manager...
[    7.315772] systemd[1]: Starting Uncomplicated firewall...
         Starting Uncomplicated firewall...
[    7.326215] EXT4-fs (sda1): re-mounted. Opts: (null)
[    7.326603] systemd[1]: Mounting Huge Pages File System...
         Mounting Huge Pages File System...
[    7.334572] systemd[1]: Mounting Debug File System...
         Mounting Debug File System...
[    7.343964] systemd[1]: Starting Load Kernel Modules...
         Starting Load Kernel Modules...
[    7.351739] systemd[1]: Starting Monitoring of LVM2 mirrors, snapshots etc. using dmeventd or progress polling...
         Starting Monitoring of LVM2 mirrors... dmeventd or progress polling...
[    7.361811] systemd[1]: Reached target System Time Synchronized.
[[0;32m  OK  [0m] Reached target System Time Synchronized.
[    7.370306] systemd[1]: Starting Create list of required static device nodes for the current kernel...
         Starting Create list of required st... nodes for the current kernel...
[    7.388524] systemd[1]: Mounted Debug File System.
[[0;32m  OK  [0m] Mounted Debug File System.
[    7.395564] systemd[1]: Mounted Huge Pages File System.
[[0;32m  OK  [0m] Mounted Huge Pages File System.
[    7.400389] systemd[1]: Mounted POSIX Message Queue File System.
[[0;32m  OK  [0m] Mounted POSIX Message Queue File System.
[    7.404588] systemd[1]: Started Journal Service.
[[0;32m  OK  [0m] Started Journal Service.
[    7.408739] Loading iSCSI transport class v2.0-870.
[[0;32m  OK  [0m] Started Remount Root and Kernel File Systems.
[[0;32m  OK  [0m] Started Uncomplicated firewall.
[[0;32m  OK  [0m] Started Create list of required sta...ce nodes for the current kernel.
[[0;32m  OK  [0m] Started LVM2 metadata daemon.
[    7.442507] iscsi: registered transport (tcp)
         Starting Create Static Device Nodes in /dev...
         Starting Load/Save Random Seed...
         Starting udev Coldplug all Devices...
         Starting Flush Journal to Persistent Storage...
[[0;32m  OK  [0m] Started Nameserver information manager.
[[0;32m  OK  [0m] Started Load/Save Random Seed.
[[0;32m  OK  [0m] Started Create Static Device Nodes in /dev.
         Starting udev Kernel Device Manager...
[    7.509482] systemd-journald[362]: Received request to flush runtime journal from PID 1
[[0;32m  OK  [0m] Started Flush Journal to Persistent Storage.
[    7.547961] iscsi: registered transport (iser)
[[0;32m  OK  [0m] Started udev Kernel Device Manager.
[    7.572233] arp_tables: (C) 2002 David S. Miller
[    7.604569] bridge: automatic filtering via arp/ip/ip6tables has been deprecated. Update your scripts to load br_netfilter if you need this.
[    7.624406] Bridge firewalling registered
[[0;32m  OK  [0m] Started Set console keymap.
[    7.644616] ip6_tables: (C) 2000-2006 Netfilter Core Team
[    7.659114] ip_tables: (C) 2000-2006 Netfilter Core Team
[[0;32m  OK  [0m] Started Load Kernel Modules.
         Mounting FUSE Control File System...
         Starting Apply Kernel Variables...
[[0;32m  OK  [0m] Started udev Coldplug all Devices.
[[0;32m  OK  [0m] Mounted FUSE Control File System.
[[0;32m  OK  [0m] Started Dispatch Password Requests to Console Directory Watch.
[[0;32m  OK  [0m] Started Apply Kernel Variables.
[[0;32m  OK  [0m] Started Monitoring of LVM2 mirrors,...ng dmeventd or progress polling.
[[0;32m  OK  [0m] Reached target Local File Systems (Pre).
         Mounting Mount unit for network-manager, revision 554...
         Mounting Mount unit for core, revision 9289...
[[0;32m  OK  [0m] Reached target Local File Systems.
         Starting Set console font and keymap...
         Starting Tell Plymouth To Write Out Runtime Data...
         Starting LSB: AppArmor initialization...
         Starting Create Volatile Files and Directories...
         Starting Initial cloud-init job (pre-networking)...
[[0;32m  OK  [0m] Mounted Mount unit for network-manager, revision 554.
[[0;32m  OK  [0m] Started Tell Plymouth To Write Out Runtime Data.
[[0;32m  OK  [0m] Mounted Mount unit for core, revision 9289.
[[0;32m  OK  [0m] Started Create Volatile Files and Directories.
         Starting Update UTMP about System Boot/Shutdown...
[[0;32m  OK  [0m] Started Update UTMP about System Boot/Shutdown.
[[0;32m  OK  [0m] Found device /dev/ttyS0.
[[0;32m  OK  [0m] Listening on Load/Save RF Kill Switch Status /dev/rfkill Watch.
[[0;32m  OK  [0m] Started LSB: AppArmor initialization.
[[0;32m  OK  [0m] Found device 82540EM Gigabit Ethern...r (PRO/1000 MT Desktop Adapter).
[[0;32m  OK  [0m] Found device 82540EM Gigabit Ethern...r (PRO/1000 MT Desktop Adapter).
[    9.997137] cloud-init[547]: Cloud-init v. 19.4-33-gbb4131a2-0ubuntu1~16.04.1 running 'init-local' at Thu, 25 Jun 2020 07:05:38 +0000. Up 9.35 seconds.
[[0;32m  OK  [0m] Started Initial cloud-init job (pre-networking).
[[0;32m  OK  [0m] Reached target Network (Pre).
[[0;32m  OK  [0m] Started ifup for enp0s3.
[[0;32m  OK  [0m] Started ifup for enp0s8.
         Starting Raise network interfaces...
[[0;32m  OK  [0m] Started Set console font and keymap.
[[0;32m  OK  [0m] Created slice system-getty.slice.
[[0;32m  OK  [0m] Started Raise network interfaces.
         Starting Initial cloud-init job (metadata service crawler)...
[[0;32m  OK  [0m] Reached target Network.
[   12.959606] cloud-init[1391]: Cloud-init v. 19.4-33-gbb4131a2-0ubuntu1~16.04.1 running 'init' at Thu, 25 Jun 2020 07:05:41 +0000. Up 12.41 seconds.
[   12.962915] cloud-init[1391]: ci-info: ++++++++++++++++++++++++++++++++++++++Net device info+++++++++++++++++++++++++++++++++++++++
[   12.968583] cloud-init[1391]: ci-info: +--------+------+-----------------------------+---------------+--------+-------------------+
[   12.971658] cloud-init[1391]: ci-info: | Device |  Up  |           Address           |      Mask     | Scope  |     Hw-Address    |
[   12.974498] cloud-init[1391]: ci-info: +--------+------+-----------------------------+---------------+--------+-------------------+
[   12.977803] cloud-init[1391]: ci-info: | enp0s3 | True |        172.17.120.65        | 255.255.255.0 | global | 02:fd:3e:94:53:22 |
[   12.980691] cloud-init[1391]: ci-info: | enp0s3 | True |  fe80::fd:3eff:fe94:5322/64 |       .       |  link  | 02:fd:3e:94:53:22 |
[   12.983569] cloud-init[1391]: ci-info: | enp0s8 | True |        192.168.33.10        | 255.255.255.0 | global | 08:00:27:bd:1d:85 |
[   12.986432] cloud-init[1391]: ci-info: | enp0s8 | True | fe80::a00:27ff:febd:1d85/64 |       .       |  link  | 08:00:27:bd:1d:85 |
[   12.993074] cloud-init[1391]: ci-info: |   lo   | True |          127.0.0.1          |   255.0.0.0   |  host  |         .         |
[   12.996201] cloud-init[1391]: ci-info: |   lo   | True |           ::1/128           |       .       |  host  |         .         |
[   12.999133] cloud-init[1391]: ci-info: +--------+------+-----------------------------+---------------+--------+-------------------+
[   13.002043] cloud-init[1391]: ci-info: ++++++++++++++++++++++++++++++Route IPv4 info++++++++++++++++++++++++++++++
[   13.004705] cloud-init[1391]: ci-info: +-------+--------------+--------------+---------------+-----------+-------+
[   13.007273] cloud-init[1391]: ci-info: | Route | Destination  |   Gateway    |    Genmask    | Interface | Flags |
[   13.009848] cloud-init[1391]: ci-info: +-------+--------------+--------------+---------------+-----------+-------+
[   13.012771] cloud-init[1391]: ci-info: |   0   |   0.0.0.0    | 172.17.120.1 |    0.0.0.0    |   enp0s3  |   UG  |
[   13.017146] cloud-init[1391]: ci-info: |   1   | 172.17.120.0 |   0.0.0.0    | 255.255.255.0 |   enp0s3  |   U   |
[   13.019972] cloud-init[1391]: ci-info: |   2   | 192.168.33.0 |   0.0.0.0    | 255.255.255.0 |   enp0s8  |   U   |
[   13.022860] cloud-init[1391]: ci-info: +-------+--------------+--------------+---------------+-----------+-------+
[   13.025898] cloud-init[1391]: ci-info: +++++++++++++++++++Route IPv6 info+++++++++++++++++++
[   13.028947] cloud-init[1391]: ci-info: +-------+-------------+---------+-----------+-------+
[   13.031598] cloud-init[1391]: ci-info: | Route | Destination | Gateway | Interface | Flags |
[   13.034088] cloud-init[1391]: ci-info: +-------+-------------+---------+-----------+-------+
[   13.036758] cloud-init[1391]: ci-info: |   0   |  fe80::/64  |    ::   |   enp0s3  |   U   |
[   13.038677] cloud-init[1391]: ci-info: |   1   |  fe80::/64  |    ::   |   enp0s8  |   U   |
[   13.041628] cloud-init[1391]: ci-info: |   6   |   ff00::/8  |    ::   |   enp0s3  |   U   |
[   13.044603] cloud-init[1391]: ci-info: |   7   |   ff00::/8  |    ::   |   enp0s8  |   U   |
[   13.047339] cloud-init[1391]: ci-info: +-------+-------------+---------+-----------+-------+
[[0;32m  OK  [0m] Started Initial cloud-init job (metadata service crawler).
[[0;32m  OK  [0m] Reached target Cloud-config availability.
[[0;32m  OK  [0m] Reached target Network is Online.
         Starting iSCSI initiator daemon (iscsid)...
[[0;32m  OK  [0m] Reached target System Initialization.
[[0;32m  OK  [0m] Listening on ACPID Listen Socket.
         Starting Docker Socket for the API.
         Starting LXD - unix socket.
[[0;32m  OK  [0m] Started Message of the Day.
[[0;32m  OK  [0m] Listening on UUID daemon activation socket.
[[0;32m  OK  [0m] Started Daily apt download activities.
[[0;32m  OK  [0m] Started ACPI Events Check.
[[0;32m  OK  [0m] Reached target Paths.
[[0;32m  OK  [0m] Started Daily apt upgrade and clean activities.
[[0;32m  OK  [0m] Listening on D-Bus System Message Bus Socket.
         Starting Socket activation for snappy daemon.
[[0;32m  OK  [0m] Started Daily Cleanup of Temporary Directories.
[[0;32m  OK  [0m] Reached target Timers.
[[0;32m  OK  [0m] Listening on Docker Socket for the API.
[[0;32m  OK  [0m] Listening on LXD - unix socket.
[[0;32m  OK  [0m] Listening on Socket activation for snappy daemon.
[[0;32m  OK  [0m] Reached target Sockets.
[[0;32m  OK  [0m] Reached target Basic System.
         Starting Accounts Service...
         Starting LXD - container startup/shutdown...
         Starting Virtualbox guest utils...
[[0;32m  OK  [0m] Started ACPI event daemon.
[[0;32m  OK  [0m] Started D-Bus System Message Bus.
[[0;32m  OK  [0m] Started FUSE filesystem for LXC.
         Starting LSB: Record successful boot for GRUB...
         Starting Ubuntu FAN network setup...
[[0;32m  OK  [0m] Started Deferred execution scheduler.
[[0;32m  OK  [0m] Started Service for snap application network-manager.networkmanager.
         Starting OpenBSD Secure Shell server...
         Starting Login Service...
         Starting System Logging Service...
[[0;32m  OK  [0m] Started Regular background program processing daemon.
         Starting /etc/rc.local Compatibility...
         Starting containerd container runtime...
         Starting Snappy daemon...
         Starting LSB: MD monitoring daemon...
[[0;32m  OK  [0m] Started iSCSI initiator daemon (iscsid).
[[0;32m  OK  [0m] Started Ubuntu FAN network setup.
[[0;32m  OK  [0m] Started /etc/rc.local Compatibility.
[[0;32m  OK  [0m] Started containerd container runtime.
         Starting Authenticate and Authorize Users to Run Privileged Tasks...
         Starting Docker Application Container Engine...
         Starting Login to default iSCSI targets...
[[0;32m  OK  [0m] Started System Logging Service.
[[0;32m  OK  [0m] Started LSB: Record successful boot for GRUB.
[[0;32m  OK  [0m] Started Login Service.
[[0;32m  OK  [0m] Started Unattended Upgrades Shutdown.
[[0;32m  OK  [0m] Started OpenBSD Secure Shell server.
[[0;32m  OK  [0m] Started Authenticate and Authorize Users to Run Privileged Tasks.
[[0;32m  OK  [0m] Started LSB: MD monitoring daemon.
[[0;32m  OK  [0m] Started Accounts Service.
[[0;32m  OK  [0m] Started Login to default iSCSI targets.
[[0;32m  OK  [0m] Reached target Remote File Systems (Pre).
[[0;32m  OK  [0m] Reached target Remote File Systems.
         Starting LSB: Apache2 web server...
         Starting LSB: Set the CPU Frequency Scaling governor to "ondemand"...
         Starting Permit User Sessions...
         Starting LSB: daemon to balance interrupts for SMP systems...
         Starting LSB: automatic crash report generation...
         Starting LSB: Set up cgroupfs mounts....
[[0;32m  OK  [0m] Started Permit User Sessions.
         Starting Terminate Plymouth Boot Screen...
         Starting Hold until boot process finishes up...
[[0;32m  OK  [0m] Started LXD - container startup/shutdown.
[[0;32m  OK  [0m] Started LSB: Set up cgroupfs mounts..
[[0;32m  OK  [0m] Started Terminate Plymouth Boot Screen.
[[0;32m  OK  [0m] Started Hold until boot process finishes up.
         Starting Set console scheme...
[[0;32m  OK  [0m] Started Getty on tty1.
[[0;32m  OK  [0m] Started Serial Getty on ttyS0.
[[0;32m  OK  [0m] Reached target Login Prompts.
[[0;32m  OK  [0m] Started Set console scheme.
[[0;32m  OK  [0m] Started LSB: Set the CPU Frequency Scaling governor to "ondemand".
[[0;32m  OK  [0m] Started LSB: daemon to balance interrupts for SMP systems.
[[0;32m  OK  [0m] Started LSB: automatic crash report generation.
[[0;32m  OK  [0m] Started Virtualbox guest utils.
[[0;32m  OK  [0m] Started LSB: Apache2 web server.
[[0;32m  OK  [0m] Started Snappy daemon.
         Starting Wait until snapd is fully seeded...
[[0;32m  OK  [0m] Started Wait until snapd is fully seeded.
         Starting Apply the settings specified in cloud-config...
         Starting Hostname Service...
[[0;32m  OK  [0m] Started Hostname Service.
[   18.068986] cloud-init[2315]: Cloud-init v. 19.4-33-gbb4131a2-0ubuntu1~16.04.1 running 'modules:config' at Thu, 25 Jun 2020 07:05:46 +0000. Up 17.53 seconds.
[[0;32m  OK  [0m] Started Apply the settings specified in cloud-config.

Ubuntu 16.04.6 LTS ubuntu-xenial ttyS0

ubuntu-xenial login: [   20.607898] cloud-init[2570]: Cloud-init v. 19.4-33-gbb4131a2-0ubuntu1~16.04.1 running 'modules:final' at Thu, 25 Jun 2020 07:05:49 +0000. Up 20.37 seconds.
[   20.608316] cloud-init[2570]: Cloud-init v. 19.4-33-gbb4131a2-0ubuntu1~16.04.1 finished at Thu, 25 Jun 2020 07:05:49 +0000. Datasource DataSourceNoCloud [seed=/dev/sdb][dsmode=net].  Up 20.59 seconds
